[35m[1mScanning dependencies of target hw5_node[0m
[ 50%] [32mBuilding CXX object CMakeFiles/hw5_node.dir/src/rso.cpp.o[0m
[01m[K/home/users/fri/matthew_ws/catkin_ws/src/hw5/src/rso.cpp:[m[K In function ‘[01m[Kvoid navCallback(const ConstPtr&)[m[K’:
[01m[K/home/users/fri/matthew_ws/catkin_ws/src/hw5/src/rso.cpp:31:40:[m[K [01;31m[Kerror: [m[Kno matching function for call to ‘[01m[Kstd::vector<std::__cxx11::basic_string<char> >::push_back(const ConstPtr&)[m[K’
     fluent.variables.push_back(location);
[01;32m[K                                        ^[m[K
In file included from [01m[K/usr/include/c++/5/vector:64:0[m[K,
                 from [01m[K/usr/include/boost/format.hpp:17[m[K,
                 from [01m[K/usr/include/boost/math/policies/error_handling.hpp:31[m[K,
                 from [01m[K/usr/include/boost/math/special_functions/round.hpp:14[m[K,
                 from [01m[K/opt/ros/kinetic/include/ros/time.h:58[m[K,
                 from [01m[K/opt/ros/kinetic/include/ros/ros.h:38[m[K,
                 from [01m[K/home/users/fri/matthew_ws/catkin_ws/src/hw5/src/rso.cpp:1[m[K:
[01m[K/usr/include/c++/5/bits/stl_vector.h:913:7:[m[K [01;36m[Knote: [m[Kcandidate: void std::vector<_Tp, _Alloc>::push_back(const value_type&) [with _Tp = std::__cxx11::basic_string<char>; _Alloc = std::allocator<std::__cxx11::basic_string<char> >; std::vector<_Tp, _Alloc>::value_type = std::__cxx11::basic_string<char>]
       push_back(const value_type& __x)
[01;32m[K       ^[m[K
[01m[K/usr/include/c++/5/bits/stl_vector.h:913:7:[m[K [01;36m[Knote: [m[K  no known conversion for argument 1 from ‘[01m[Kconst ConstPtr {aka const boost::shared_ptr<const std_msgs::String_<std::allocator<void> > >}[m[K’ to ‘[01m[Kconst value_type& {aka const std::__cxx11::basic_string<char>&}[m[K’
CMakeFiles/hw5_node.dir/build.make:62: recipe for target 'CMakeFiles/hw5_node.dir/src/rso.cpp.o' failed
make[2]: *** [CMakeFiles/hw5_node.dir/src/rso.cpp.o] Error 1
CMakeFiles/Makefile2:67: recipe for target 'CMakeFiles/hw5_node.dir/all' failed
make[1]: *** [CMakeFiles/hw5_node.dir/all] Error 2
Makefile:138: recipe for target 'all' failed
make: *** [all] Error 2
