[01m[K/home/users/fri/matthew_ws/catkin_ws/src/hw5/src/rso.cpp:[m[K In function ‘[01m[Kint main(int, char**)[m[K’:
[01m[K/home/users/fri/matthew_ws/catkin_ws/src/hw5/src/rso.cpp:29:30:[m[K [01;31m[Kerror: [m[Kno matching function for call to ‘[01m[Kstd::vector<std::__cxx11::basic_string<char> >::erase(std::__cxx11::basic_string<char>&)[m[K’
     doors.erase(doors.front());
[01;32m[K                              ^[m[K
In file included from [01m[K/usr/include/c++/5/vector:64:0[m[K,
                 from [01m[K/usr/include/boost/format.hpp:17[m[K,
                 from [01m[K/usr/include/boost/math/policies/error_handling.hpp:31[m[K,
                 from [01m[K/usr/include/boost/math/special_functions/round.hpp:14[m[K,
                 from [01m[K/opt/ros/kinetic/include/ros/time.h:58[m[K,
                 from [01m[K/opt/ros/kinetic/include/ros/ros.h:38[m[K,
                 from [01m[K/home/users/fri/matthew_ws/catkin_ws/src/hw5/src/rso.cpp:1[m[K:
[01m[K/usr/include/c++/5/bits/stl_vector.h:1149:7:[m[K [01;36m[Knote: [m[Kcandidate: std::vector<_Tp, _Alloc>::iterator std::vector<_Tp, _Alloc>::erase(std::vector<_Tp, _Alloc>::iterator) [with _Tp = std::__cxx11::basic_string<char>; _Alloc = std::allocator<std::__cxx11::basic_string<char> >; std::vector<_Tp, _Alloc>::iterator = __gnu_cxx::__normal_iterator<std::__cxx11::basic_string<char>*, std::vector<std::__cxx11::basic_string<char> > >; typename std::_Vector_base<_Tp, _Alloc>::pointer = std::__cxx11::basic_string<char>*]
       erase(iterator __position)
[01;32m[K       ^[m[K
[01m[K/usr/include/c++/5/bits/stl_vector.h:1149:7:[m[K [01;36m[Knote: [m[K  no known conversion for argument 1 from ‘[01m[Kstd::__cxx11::basic_string<char>[m[K’ to ‘[01m[Kstd::vector<std::__cxx11::basic_string<char> >::iterator {aka __gnu_cxx::__normal_iterator<std::__cxx11::basic_string<char>*, std::vector<std::__cxx11::basic_string<char> > >}[m[K’
[01m[K/usr/include/c++/5/bits/stl_vector.h:1180:7:[m[K [01;36m[Knote: [m[Kcandidate: std::vector<_Tp, _Alloc>::iterator std::vector<_Tp, _Alloc>::erase(std::vector<_Tp, _Alloc>::iterator, std::vector<_Tp, _Alloc>::iterator) [with _Tp = std::__cxx11::basic_string<char>; _Alloc = std::allocator<std::__cxx11::basic_string<char> >; std::vector<_Tp, _Alloc>::iterator = __gnu_cxx::__normal_iterator<std::__cxx11::basic_string<char>*, std::vector<std::__cxx11::basic_string<char> > >; typename std::_Vector_base<_Tp, _Alloc>::pointer = std::__cxx11::basic_string<char>*]
       erase(iterator __first, iterator __last)
[01;32m[K       ^[m[K
[01m[K/usr/include/c++/5/bits/stl_vector.h:1180:7:[m[K [01;36m[Knote: [m[K  candidate expects 2 arguments, 1 provided
make[2]: *** [CMakeFiles/hw5_node.dir/src/rso.cpp.o] Error 1
make[1]: *** [CMakeFiles/hw5_node.dir/all] Error 2
make: *** [all] Error 2
