In file included from [01m[K/home/users/fri/matthew_ws/catkin_ws/src/hw5/src/NavPR.cpp:1:0[m[K:
[01m[K/home/users/fri/matthew_ws/catkin_ws/src/hw5/include/hw5/NavPR.h:12:31:[m[K [01;31m[Kerror: [m[Kexpected ‘[01m[K)[m[K’ before ‘[01m[K&[m[K’ token
   NavPR(tf::TransformListener &tf, MoveBaseClient &ac);
[01;32m[K                               ^[m[K
[01m[K/home/users/fri/matthew_ws/catkin_ws/src/hw5/include/hw5/NavPR.h:18:7:[m[K [01;31m[Kerror: [m[K‘[01m[KTransformListener[m[K’ in namespace ‘[01m[Ktf[m[K’ does not name a type
   tf::TransformListener listener;
[01;32m[K       ^[m[K
[01m[K/home/users/fri/matthew_ws/catkin_ws/src/hw5/src/NavPR.cpp:6:13:[m[K [01;31m[Kerror: [m[Kexpected constructor, destructor, or type conversion before ‘[01m[K([m[K’ token
 NavPR::NavPR(tf::TransformListener &tf, MoveBaseClient &ac) : listener(tf), client(ac) {
[01;32m[K             ^[m[K
In file included from [01m[K/home/users/fri/matthew_ws/catkin_ws/src/hw5/src/NavPR.cpp:1:0[m[K:
[01m[K/home/users/fri/matthew_ws/catkin_ws/src/hw5/include/hw5/NavPR.h:12:31:[m[K [01;31m[Kerror: [m[Kexpected ‘[01m[K)[m[K’ before ‘[01m[K&[m[K’ token
   NavPR(tf::TransformListener &tf, MoveBaseClient &ac);
[01;32m[K                               ^[m[K
[01m[K/home/users/fri/matthew_ws/catkin_ws/src/hw5/include/hw5/NavPR.h:18:7:[m[K [01;31m[Kerror: [m[K‘[01m[KTransformListener[m[K’ in namespace ‘[01m[Ktf[m[K’ does not name a type
   tf::TransformListener listener;
[01;32m[K       ^[m[K
[01m[K/home/users/fri/matthew_ws/catkin_ws/src/hw5/src/NavPR.cpp:6:13:[m[K [01;31m[Kerror: [m[Kexpected constructor, destructor, or type conversion before ‘[01m[K([m[K’ token
 NavPR::NavPR(tf::TransformListener &tf, MoveBaseClient &ac) : listener(tf), client(ac) {
[01;32m[K             ^[m[K
[01m[K/home/users/fri/matthew_ws/catkin_ws/src/hw5/src/NavPR.cpp:[m[K In member function ‘[01m[Kvirtual void NavPR::receivePose(geometry_msgs::Pose&)[m[K’:
[01m[K/home/users/fri/matthew_ws/catkin_ws/src/hw5/src/NavPR.cpp:18:36:[m[K [01;35m[Kwarning: [m[K‘[01m[Ktf::Quaternion::Quaternion(const tfScalar&, const tfScalar&, const tfScalar&)[m[K’ is deprecated [-Wdeprecated-declarations]
  tf::Quaternion rpy(0, 0, 0.5 * yaw);
[01;32m[K                                    ^[m[K
In file included from [01m[K/opt/ros/kinetic/include/tf/LinearMath/Matrix3x3.h:20:0[m[K,
                 from [01m[K/opt/ros/kinetic/include/tf/LinearMath/Transform.h:21[m[K,
                 from [01m[K/opt/ros/kinetic/include/tf/transform_datatypes.h:41[m[K,
                 from [01m[K/opt/ros/kinetic/include/tf/time_cache.h:38[m[K,
                 from [01m[K/opt/ros/kinetic/include/tf/tf.h:43[m[K,
                 from [01m[K/home/users/fri/matthew_ws/catkin_ws/src/hw5/include/hw5/NavPR.h:5[m[K,
                 from [01m[K/home/users/fri/matthew_ws/catkin_ws/src/hw5/src/NavPR.cpp:1[m[K:
[01m[K/opt/ros/kinetic/include/tf/LinearMath/Quaternion.h:51:3:[m[K [01;36m[Knote: [m[Kdeclared here
   Quaternion(const tfScalar& yaw, const tfScalar& pitch, const tfScalar& roll) __attribute__((deprecated))
[01;32m[K   ^[m[K
[01m[K/home/users/fri/matthew_ws/catkin_ws/src/hw5/src/NavPR.cpp:[m[K In member function ‘[01m[Kvirtual void NavPR::receivePose(geometry_msgs::Pose&)[m[K’:
[01m[K/home/users/fri/matthew_ws/catkin_ws/src/hw5/src/NavPR.cpp:18:36:[m[K [01;35m[Kwarning: [m[K‘[01m[Ktf::Quaternion::Quaternion(const tfScalar&, const tfScalar&, const tfScalar&)[m[K’ is deprecated [-Wdeprecated-declarations]
  tf::Quaternion rpy(0, 0, 0.5 * yaw);
[01;32m[K                                    ^[m[K
In file included from [01m[K/opt/ros/kinetic/include/tf/LinearMath/Matrix3x3.h:20:0[m[K,
                 from [01m[K/opt/ros/kinetic/include/tf/LinearMath/Transform.h:21[m[K,
                 from [01m[K/opt/ros/kinetic/include/tf/transform_datatypes.h:41[m[K,
                 from [01m[K/opt/ros/kinetic/include/tf/time_cache.h:38[m[K,
                 from [01m[K/opt/ros/kinetic/include/tf/tf.h:43[m[K,
                 from [01m[K/home/users/fri/matthew_ws/catkin_ws/src/hw5/include/hw5/NavPR.h:5[m[K,
                 from [01m[K/home/users/fri/matthew_ws/catkin_ws/src/hw5/src/NavPR.cpp:1[m[K:
[01m[K/opt/ros/kinetic/include/tf/LinearMath/Quaternion.h:51:3:[m[K [01;36m[Knote: [m[Kdeclared here
   Quaternion(const tfScalar& yaw, const tfScalar& pitch, const tfScalar& roll) __attribute__((deprecated))
[01;32m[K   ^[m[K
make[2]: *** [CMakeFiles/hw5_node.dir/src/NavPR.cpp.o] Error 1
make[1]: *** [CMakeFiles/hw5_node.dir/all] Error 2
make[1]: *** Waiting for unfinished jobs....
make[2]: *** [CMakeFiles/hw5_nav_node.dir/src/NavPR.cpp.o] Error 1
make[2]: *** Waiting for unfinished jobs....
make[1]: *** [CMakeFiles/hw5_nav_node.dir/all] Error 2
make: *** [all] Error 2
