[35m[1mScanning dependencies of target hw5_node[0m
[ 50%] [32mBuilding CXX object CMakeFiles/hw5_node.dir/src/rso.cpp.o[0m
[01m[K/home/users/fri/matthew_ws/catkin_ws/src/hw5/src/rso.cpp:15:28:[m[K [01;31m[Kerror: [m[Kvariable or field ‘[01m[KnavCallback[m[K’ declared void
 void navCallback(std_msgs::string location) {
[01;32m[K                            ^[m[K
[01m[K/home/users/fri/matthew_ws/catkin_ws/src/hw5/src/rso.cpp:15:18:[m[K [01;31m[Kerror: [m[K‘[01m[Kstring[m[K’ is not a member of ‘[01m[Kstd_msgs[m[K’
 void navCallback(std_msgs::string location) {
[01;32m[K                  ^[m[K
[01m[K/home/users/fri/matthew_ws/catkin_ws/src/hw5/src/rso.cpp:15:18:[m[K [01;36m[Knote: [m[Ksuggested alternatives:
In file included from [01m[K/usr/include/c++/5/string:39:0[m[K,
                 from [01m[K/opt/ros/kinetic/include/ros/platform.h:55[m[K,
                 from [01m[K/opt/ros/kinetic/include/ros/time.h:53[m[K,
                 from [01m[K/opt/ros/kinetic/include/ros/ros.h:38[m[K,
                 from [01m[K/home/users/fri/matthew_ws/catkin_ws/src/hw5/src/rso.cpp:1[m[K:
[01m[K/usr/include/c++/5/bits/stringfwd.h:74:33:[m[K [01;36m[Knote: [m[K  ‘[01m[Kstd::__cxx11::string[m[K’
   typedef basic_string<char>    string;   
[01;32m[K                                 ^[m[K
[01m[K/usr/include/c++/5/bits/stringfwd.h:74:33:[m[K [01;36m[Knote: [m[K  ‘[01m[Kstd::__cxx11::string[m[K’
[01m[K/usr/include/c++/5/bits/stringfwd.h:74:33:[m[K [01;36m[Knote: [m[K  ‘[01m[Kstd::__cxx11::string[m[K’
In file included from [01m[K/usr/include/boost/lexical_cast/detail/converter_lexical.hpp:51:0[m[K,
                 from [01m[K/usr/include/boost/lexical_cast/try_lexical_convert.hpp:34[m[K,
                 from [01m[K/usr/include/boost/lexical_cast.hpp:32[m[K,
                 from [01m[K/opt/ros/kinetic/include/ros/transport_hints.h:34[m[K,
                 from [01m[K/opt/ros/kinetic/include/ros/subscribe_options.h:33[m[K,
                 from [01m[K/opt/ros/kinetic/include/ros/node_handle.h:42[m[K,
                 from [01m[K/opt/ros/kinetic/include/ros/ros.h:45[m[K,
                 from [01m[K/home/users/fri/matthew_ws/catkin_ws/src/hw5/src/rso.cpp:1[m[K:
[01m[K/usr/include/boost/container/container_fwd.hpp:179:1:[m[K [01;36m[Knote: [m[K  ‘[01m[Kboost::container::string[m[K’
 string;
[01;32m[K ^[m[K
CMakeFiles/hw5_node.dir/build.make:62: recipe for target 'CMakeFiles/hw5_node.dir/src/rso.cpp.o' failed
make[2]: *** [CMakeFiles/hw5_node.dir/src/rso.cpp.o] Error 1
CMakeFiles/Makefile2:67: recipe for target 'CMakeFiles/hw5_node.dir/all' failed
make[1]: *** [CMakeFiles/hw5_node.dir/all] Error 2
Makefile:138: recipe for target 'all' failed
make: *** [all] Error 2
