[01m[K/home/users/fri/matthew_ws/catkin_ws/src/hw5/src/NavPR.cpp:[m[K In member function ‘[01m[Kvirtual void NavPR::receivePose(geometry_msgs::Pose&)[m[K’:
[01m[K/home/users/fri/matthew_ws/catkin_ws/src/hw5/src/NavPR.cpp:18:36:[m[K [01;35m[Kwarning: [m[K‘[01m[Ktf::Quaternion::Quaternion(const tfScalar&, const tfScalar&, const tfScalar&)[m[K’ is deprecated [-Wdeprecated-declarations]
  tf::Quaternion rpy(0, 0, 0.5 * yaw);
[01;32m[K                                    ^[m[K
In file included from [01m[K/opt/ros/kinetic/include/tf/LinearMath/Matrix3x3.h:20:0[m[K,
                 from [01m[K/opt/ros/kinetic/include/tf/LinearMath/Transform.h:21[m[K,
                 from [01m[K/opt/ros/kinetic/include/tf/transform_datatypes.h:41[m[K,
                 from [01m[K/opt/ros/kinetic/include/tf/time_cache.h:38[m[K,
                 from [01m[K/opt/ros/kinetic/include/tf/tf.h:43[m[K,
                 from [01m[K/home/users/fri/matthew_ws/catkin_ws/src/hw5/include/hw5/NavPR.h:5[m[K,
                 from [01m[K/home/users/fri/matthew_ws/catkin_ws/src/hw5/src/NavPR.cpp:1[m[K:
[01m[K/opt/ros/kinetic/include/tf/LinearMath/Quaternion.h:51:3:[m[K [01;36m[Knote: [m[Kdeclared here
   Quaternion(const tfScalar& yaw, const tfScalar& pitch, const tfScalar& roll) __attribute__((deprecated))
[01;32m[K   ^[m[K
[01m[K/home/users/fri/matthew_ws/catkin_ws/src/hw5/src/NavPR.cpp:[m[K In member function ‘[01m[Kvirtual void NavPR::receivePose(geometry_msgs::Pose&)[m[K’:
[01m[K/home/users/fri/matthew_ws/catkin_ws/src/hw5/src/NavPR.cpp:18:36:[m[K [01;35m[Kwarning: [m[K‘[01m[Ktf::Quaternion::Quaternion(const tfScalar&, const tfScalar&, const tfScalar&)[m[K’ is deprecated [-Wdeprecated-declarations]
  tf::Quaternion rpy(0, 0, 0.5 * yaw);
[01;32m[K                                    ^[m[K
In file included from [01m[K/opt/ros/kinetic/include/tf/LinearMath/Matrix3x3.h:20:0[m[K,
                 from [01m[K/opt/ros/kinetic/include/tf/LinearMath/Transform.h:21[m[K,
                 from [01m[K/opt/ros/kinetic/include/tf/transform_datatypes.h:41[m[K,
                 from [01m[K/opt/ros/kinetic/include/tf/time_cache.h:38[m[K,
                 from [01m[K/opt/ros/kinetic/include/tf/tf.h:43[m[K,
                 from [01m[K/home/users/fri/matthew_ws/catkin_ws/src/hw5/include/hw5/NavPR.h:5[m[K,
                 from [01m[K/home/users/fri/matthew_ws/catkin_ws/src/hw5/src/NavPR.cpp:1[m[K:
[01m[K/opt/ros/kinetic/include/tf/LinearMath/Quaternion.h:51:3:[m[K [01;36m[Knote: [m[Kdeclared here
   Quaternion(const tfScalar& yaw, const tfScalar& pitch, const tfScalar& roll) __attribute__((deprecated))
[01;32m[K   ^[m[K
