[01m[K/home/users/fri/matthew_ws/catkin_ws/src/hw5/src/hw5_nav_node.cpp:[m[K In function ‘[01m[Kint main(int, char**)[m[K’:
[01m[K/home/users/fri/matthew_ws/catkin_ws/src/hw5/src/hw5_nav_node.cpp:41:23:[m[K [01;31m[Kerror: [m[Kno matching function for call to ‘[01m[KNavPR::NavPR(ros::Publisher*)[m[K’
   NavPR navPR(&pubGoal);
[01;32m[K                       ^[m[K
In file included from [01m[K/home/users/fri/matthew_ws/catkin_ws/src/hw5/src/hw5_nav_node.cpp:8:0[m[K:
[01m[K/home/users/fri/matthew_ws/catkin_ws/src/hw5/include/hw5/NavPR.h:10:3:[m[K [01;36m[Knote: [m[Kcandidate: NavPR::NavPR(ros::Publisher&)
   NavPR(ros::Publisher &pubGoal);
[01;32m[K   ^[m[K
[01m[K/home/users/fri/matthew_ws/catkin_ws/src/hw5/include/hw5/NavPR.h:10:3:[m[K [01;36m[Knote: [m[K  no known conversion for argument 1 from ‘[01m[Kros::Publisher*[m[K’ to ‘[01m[Kros::Publisher&[m[K’
[01m[K/home/users/fri/matthew_ws/catkin_ws/src/hw5/include/hw5/NavPR.h:8:7:[m[K [01;36m[Knote: [m[Kcandidate: NavPR::NavPR(const NavPR&)
 class NavPR : public PoseRecipient {
[01;32m[K       ^[m[K
[01m[K/home/users/fri/matthew_ws/catkin_ws/src/hw5/include/hw5/NavPR.h:8:7:[m[K [01;36m[Knote: [m[K  no known conversion for argument 1 from ‘[01m[Kros::Publisher*[m[K’ to ‘[01m[Kconst NavPR&[m[K’
[01m[K/home/users/fri/matthew_ws/catkin_ws/src/hw5/src/hw5_nav_node.cpp:[m[K In function ‘[01m[Kint main(int, char**)[m[K’:
[01m[K/home/users/fri/matthew_ws/catkin_ws/src/hw5/src/hw5_nav_node.cpp:41:23:[m[K [01;31m[Kerror: [m[Kno matching function for call to ‘[01m[KNavPR::NavPR(ros::Publisher*)[m[K’
   NavPR navPR(&pubGoal);
[01;32m[K                       ^[m[K
In file included from [01m[K/home/users/fri/matthew_ws/catkin_ws/src/hw5/src/hw5_nav_node.cpp:8:0[m[K:
[01m[K/home/users/fri/matthew_ws/catkin_ws/src/hw5/include/hw5/NavPR.h:10:3:[m[K [01;36m[Knote: [m[Kcandidate: NavPR::NavPR(ros::Publisher&)
   NavPR(ros::Publisher &pubGoal);
[01;32m[K   ^[m[K
[01m[K/home/users/fri/matthew_ws/catkin_ws/src/hw5/include/hw5/NavPR.h:10:3:[m[K [01;36m[Knote: [m[K  no known conversion for argument 1 from ‘[01m[Kros::Publisher*[m[K’ to ‘[01m[Kros::Publisher&[m[K’
[01m[K/home/users/fri/matthew_ws/catkin_ws/src/hw5/include/hw5/NavPR.h:8:7:[m[K [01;36m[Knote: [m[Kcandidate: NavPR::NavPR(const NavPR&)
 class NavPR : public PoseRecipient {
[01;32m[K       ^[m[K
[01m[K/home/users/fri/matthew_ws/catkin_ws/src/hw5/include/hw5/NavPR.h:8:7:[m[K [01;36m[Knote: [m[K  no known conversion for argument 1 from ‘[01m[Kros::Publisher*[m[K’ to ‘[01m[Kconst NavPR&[m[K’
make[2]: *** [CMakeFiles/hw5_node.dir/src/hw5_nav_node.cpp.o] Error 1
make[1]: *** [CMakeFiles/hw5_node.dir/all] Error 2
make[1]: *** Waiting for unfinished jobs....
make[2]: *** [CMakeFiles/hw5_nav_node.dir/src/hw5_nav_node.cpp.o] Error 1
make[1]: *** [CMakeFiles/hw5_nav_node.dir/all] Error 2
make: *** [all] Error 2
