In file included from [01m[K/usr/include/boost/thread/lock_guard.hpp:11:0[m[K,
                 from [01m[K/usr/include/boost/thread/pthread/thread_data.hpp:11[m[K,
                 from [01m[K/usr/include/boost/thread/pthread/condition_variable.hpp:12[m[K,
                 from [01m[K/usr/include/boost/thread/condition_variable.hpp:16[m[K,
                 from [01m[K/usr/include/boost/thread/condition.hpp:13[m[K,
                 from [01m[K/opt/ros/kinetic/include/actionlib/client/simple_action_client.h:38[m[K,
                 from [01m[K/home/users/fri/matthew_ws/catkin_ws/src/hw5/include/hw5/NavPR.h:2[m[K,
                 from [01m[K/home/users/fri/matthew_ws/catkin_ws/src/hw5/src/NavPR.cpp:1[m[K:
[01m[K/usr/include/boost/thread/pthread/mutex.hpp:[m[K In copy constructor ‘[01m[Ktf2::BufferCore::BufferCore(tf2::BufferCore&)[m[K’:
[01m[K/usr/include/boost/thread/pthread/mutex.hpp:97:9:[m[K [01;31m[Kerror: [m[K‘[01m[Kboost::mutex::mutex(boost::mutex&)[m[K’ is private
         BOOST_THREAD_NO_COPYABLE(mutex)
[01;32m[K         ^[m[K
In file included from [01m[K/opt/ros/kinetic/include/tf2_ros/buffer_interface.h:35:0[m[K,
                 from [01m[K/opt/ros/kinetic/include/tf2_ros/buffer.h:35[m[K,
                 from [01m[K/opt/ros/kinetic/include/tf/tf.h:48[m[K,
                 from [01m[K/home/users/fri/matthew_ws/catkin_ws/src/hw5/include/hw5/NavPR.h:5[m[K,
                 from [01m[K/home/users/fri/matthew_ws/catkin_ws/src/hw5/src/NavPR.cpp:1[m[K:
[01m[K/opt/ros/kinetic/include/tf2/buffer_core.h:88:7:[m[K [01;31m[Kerror: [m[Kwithin this context
 class BufferCore
[01;32m[K       ^[m[K
In file included from [01m[K/usr/include/boost/thread/lock_guard.hpp:11:0[m[K,
                 from [01m[K/usr/include/boost/thread/pthread/thread_data.hpp:11[m[K,
                 from [01m[K/usr/include/boost/thread/pthread/condition_variable.hpp:12[m[K,
                 from [01m[K/usr/include/boost/thread/condition_variable.hpp:16[m[K,
                 from [01m[K/usr/include/boost/thread/condition.hpp:13[m[K,
                 from [01m[K/opt/ros/kinetic/include/actionlib/client/simple_action_client.h:38[m[K,
                 from [01m[K/home/users/fri/matthew_ws/catkin_ws/src/hw5/include/hw5/NavPR.h:2[m[K,
                 from [01m[K/home/users/fri/matthew_ws/catkin_ws/src/hw5/src/NavPR.cpp:1[m[K:
[01m[K/usr/include/boost/thread/pthread/mutex.hpp:97:9:[m[K [01;31m[Kerror: [m[K‘[01m[Kboost::mutex::mutex(boost::mutex&)[m[K’ is private
         BOOST_THREAD_NO_COPYABLE(mutex)
[01;32m[K         ^[m[K
In file included from [01m[K/opt/ros/kinetic/include/tf2_ros/buffer_interface.h:35:0[m[K,
                 from [01m[K/opt/ros/kinetic/include/tf2_ros/buffer.h:35[m[K,
                 from [01m[K/opt/ros/kinetic/include/tf/tf.h:48[m[K,
                 from [01m[K/home/users/fri/matthew_ws/catkin_ws/src/hw5/include/hw5/NavPR.h:5[m[K,
                 from [01m[K/home/users/fri/matthew_ws/catkin_ws/src/hw5/src/NavPR.cpp:1[m[K:
[01m[K/opt/ros/kinetic/include/tf2/buffer_core.h:88:7:[m[K [01;31m[Kerror: [m[Kwithin this context
 class BufferCore
[01;32m[K       ^[m[K
In file included from [01m[K/usr/include/boost/thread/lock_guard.hpp:11:0[m[K,
                 from [01m[K/usr/include/boost/thread/pthread/thread_data.hpp:11[m[K,
                 from [01m[K/usr/include/boost/thread/pthread/condition_variable.hpp:12[m[K,
                 from [01m[K/usr/include/boost/thread/condition_variable.hpp:16[m[K,
                 from [01m[K/usr/include/boost/thread/condition.hpp:13[m[K,
                 from [01m[K/opt/ros/kinetic/include/actionlib/client/simple_action_client.h:38[m[K,
                 from [01m[K/home/users/fri/matthew_ws/catkin_ws/src/hw5/include/hw5/NavPR.h:2[m[K,
                 from [01m[K/home/users/fri/matthew_ws/catkin_ws/src/hw5/src/NavPR.cpp:1[m[K:
[01m[K/usr/include/boost/thread/pthread/mutex.hpp:97:9:[m[K [01;31m[Kerror: [m[K‘[01m[Kboost::mutex::mutex(boost::mutex&)[m[K’ is private
         BOOST_THREAD_NO_COPYABLE(mutex)
[01;32m[K         ^[m[K
In file included from [01m[K/opt/ros/kinetic/include/tf2_ros/buffer_interface.h:35:0[m[K,
                 from [01m[K/opt/ros/kinetic/include/tf2_ros/buffer.h:35[m[K,
                 from [01m[K/opt/ros/kinetic/include/tf/tf.h:48[m[K,
                 from [01m[K/home/users/fri/matthew_ws/catkin_ws/src/hw5/include/hw5/NavPR.h:5[m[K,
                 from [01m[K/home/users/fri/matthew_ws/catkin_ws/src/hw5/src/NavPR.cpp:1[m[K:
[01m[K/opt/ros/kinetic/include/tf2/buffer_core.h:88:7:[m[K [01;31m[Kerror: [m[Kwithin this context
 class BufferCore
[01;32m[K       ^[m[K
In file included from [01m[K/usr/include/boost/noncopyable.hpp:15:0[m[K,
                 from [01m[K/usr/include/boost/system/error_code.hpp:17[m[K,
                 from [01m[K/usr/include/boost/system/system_error.hpp:14[m[K,
                 from [01m[K/usr/include/boost/thread/exceptions.hpp:22[m[K,
                 from [01m[K/usr/include/boost/thread/pthread/thread_data.hpp:10[m[K,
                 from [01m[K/usr/include/boost/thread/pthread/condition_variable.hpp:12[m[K,
                 from [01m[K/usr/include/boost/thread/condition_variable.hpp:16[m[K,
                 from [01m[K/usr/include/boost/thread/condition.hpp:13[m[K,
                 from [01m[K/opt/ros/kinetic/include/actionlib/client/simple_action_client.h:38[m[K,
                 from [01m[K/home/users/fri/matthew_ws/catkin_ws/src/hw5/include/hw5/NavPR.h:2[m[K,
                 from [01m[K/home/users/fri/matthew_ws/catkin_ws/src/hw5/src/NavPR.cpp:1[m[K:
[01m[K/usr/include/boost/core/noncopyable.hpp:[m[K In copy constructor ‘[01m[Kboost::signals2::signal_base::signal_base(const boost::signals2::signal_base&)[m[K’:
[01m[K/usr/include/boost/core/noncopyable.hpp:38:7:[m[K [01;31m[Kerror: [m[K‘[01m[Kboost::noncopyable_::noncopyable::noncopyable(const boost::noncopyable_::noncopyable&)[m[K’ is private
       noncopyable( const noncopyable& );
[01;32m[K       ^[m[K
In file included from [01m[K/usr/include/boost/signals2/detail/signals_common.hpp:17:0[m[K,
                 from [01m[K/usr/include/boost/signals2/slot.hpp:20[m[K,
                 from [01m[K/usr/include/boost/signals2/connection.hpp:23[m[K,
                 from [01m[K/usr/include/boost/signals2/signal.hpp:22[m[K,
                 from [01m[K/usr/include/boost/signals2.hpp:19[m[K,
                 from [01m[K/opt/ros/kinetic/include/tf/tf.h:45[m[K,
                 from [01m[K/home/users/fri/matthew_ws/catkin_ws/src/hw5/include/hw5/NavPR.h:5[m[K,
                 from [01m[K/home/users/fri/matthew_ws/catkin_ws/src/hw5/src/NavPR.cpp:1[m[K:
[01m[K/usr/include/boost/signals2/signal_base.hpp:21:11:[m[K [01;31m[Kerror: [m[Kwithin this context
     class signal_base : public noncopyable
[01;32m[K           ^[m[K
In file included from [01m[K/usr/include/boost/mpl/aux_/integral_wrapper.hpp:22:0[m[K,
                 from [01m[K/usr/include/boost/mpl/int.hpp:20[m[K,
                 from [01m[K/usr/include/boost/type_traits/detail/template_arity_spec.hpp:10[m[K,
                 from [01m[K/usr/include/boost/type_traits/detail/bool_trait_def.hpp:14[m[K,
                 from [01m[K/usr/include/boost/type_traits/is_integral.hpp:15[m[K,
                 from [01m[K/usr/include/boost/math/tools/config.hpp:16[m[K,
                 from [01m[K/usr/include/boost/math/special_functions/round.hpp:13[m[K,
                 from [01m[K/opt/ros/kinetic/include/ros/time.h:58[m[K,
                 from [01m[K/opt/ros/kinetic/include/ros/serialization.h:34[m[K,
                 from [01m[K/opt/ros/kinetic/include/move_base_msgs/MoveBaseAction.h:14[m[K,
                 from [01m[K/home/users/fri/matthew_ws/catkin_ws/src/hw5/include/hw5/NavPR.h:1[m[K,
                 from [01m[K/home/users/fri/matthew_ws/catkin_ws/src/hw5/src/NavPR.cpp:1[m[K:
[01m[K/usr/include/boost/signals2/detail/signal_template.hpp:[m[K In copy constructor ‘[01m[Kboost::signals2::signal0<void, boost::signals2::optional_last_value<void>, int, std::less<int>, boost::function<void()>, boost::function<void(const boost::signals2::connection&)>, boost::signals2::mutex>::signal0(const boost::signals2::signal0<void, boost::signals2::optional_last_value<void>, int, std::less<int>, boost::function<void()>, boost::function<void(const boost::signals2::connection&)>, boost::signals2::mutex>&)[m[K’:
[01m[K/usr/include/boost/signals2/detail/signal_template.hpp:594:11:[m[K [01;36m[Knote: [m[Ksynthesized method ‘[01m[Kboost::signals2::signal_base::signal_base(const boost::signals2::signal_base&)[m[K’ first required here 
     class BOOST_SIGNALS2_SIGNAL_CLASS_NAME(BOOST_SIGNALS2_NUM_ARGS)
[01;32m[K           ^[m[K
In file included from [01m[K/usr/include/boost/signals2/signal.hpp:37:0[m[K,
                 from [01m[K/usr/include/boost/signals2.hpp:19[m[K,
                 from [01m[K/opt/ros/kinetic/include/tf/tf.h:45[m[K,
                 from [01m[K/home/users/fri/matthew_ws/catkin_ws/src/hw5/include/hw5/NavPR.h:5[m[K,
                 from [01m[K/home/users/fri/matthew_ws/catkin_ws/src/hw5/src/NavPR.cpp:1[m[K:
[01m[K/usr/include/boost/signals2/preprocessed_signal.hpp:[m[K In copy constructor ‘[01m[Kboost::signals2::signal<void()>::signal(const boost::signals2::signal<void()>&)[m[K’:
[01m[K/usr/include/boost/signals2/preprocessed_signal.hpp:41:11:[m[K [01;36m[Knote: [m[Ksynthesized method ‘[01m[Kboost::signals2::signal0<void, boost::signals2::optional_last_value<void>, int, std::less<int>, boost::function<void()>, boost::function<void(const boost::signals2::connection&)>, boost::signals2::mutex>::signal0(const boost::signals2::signal0<void, boost::signals2::optional_last_value<void>, int, std::less<int>, boost::function<void()>, boost::function<void(const boost::signals2::connection&)>, boost::signals2::mutex>&)[m[K’ first required here 
     class signal: public detail::signalN<function_traits<Signature>::arity,
[01;32m[K           ^[m[K
In file included from [01m[K/opt/ros/kinetic/include/tf2_ros/buffer_interface.h:35:0[m[K,
                 from [01m[K/opt/ros/kinetic/include/tf2_ros/buffer.h:35[m[K,
                 from [01m[K/opt/ros/kinetic/include/tf/tf.h:48[m[K,
                 from [01m[K/home/users/fri/matthew_ws/catkin_ws/src/hw5/include/hw5/NavPR.h:5[m[K,
                 from [01m[K/home/users/fri/matthew_ws/catkin_ws/src/hw5/src/NavPR.cpp:1[m[K:
[01m[K/opt/ros/kinetic/include/tf2/buffer_core.h:[m[K In copy constructor ‘[01m[Ktf2::BufferCore::BufferCore(tf2::BufferCore&)[m[K’:
[01m[K/opt/ros/kinetic/include/tf2/buffer_core.h:88:7:[m[K [01;36m[Knote: [m[Ksynthesized method ‘[01m[Kboost::signals2::signal<void()>::signal(const boost::signals2::signal<void()>&)[m[K’ first required here 
 class BufferCore
[01;32m[K       ^[m[K
In file included from [01m[K/opt/ros/kinetic/include/tf/tf.h:48:0[m[K,
                 from [01m[K/home/users/fri/matthew_ws/catkin_ws/src/hw5/include/hw5/NavPR.h:5[m[K,
                 from [01m[K/home/users/fri/matthew_ws/catkin_ws/src/hw5/src/NavPR.cpp:1[m[K:
[01m[K/opt/ros/kinetic/include/tf2_ros/buffer.h:[m[K In copy constructor ‘[01m[Ktf2_ros::Buffer::Buffer(tf2_ros::Buffer&)[m[K’:
[01m[K/opt/ros/kinetic/include/tf2_ros/buffer.h:51:9:[m[K [01;36m[Knote: [m[Ksynthesized method ‘[01m[Ktf2::BufferCore::BufferCore(tf2::BufferCore&)[m[K’ first required here 
   class Buffer: public BufferInterface, public tf2::BufferCore
[01;32m[K         ^[m[K
In file included from [01m[K/home/users/fri/matthew_ws/catkin_ws/src/hw5/include/hw5/NavPR.h:5:0[m[K,
                 from [01m[K/home/users/fri/matthew_ws/catkin_ws/src/hw5/src/NavPR.cpp:1[m[K:
[01m[K/opt/ros/kinetic/include/tf/tf.h:[m[K In copy constructor ‘[01m[Ktf::Transformer::Transformer(tf::Transformer&)[m[K’:
[01m[K/opt/ros/kinetic/include/tf/tf.h:90:7:[m[K [01;36m[Knote: [m[Ksynthesized method ‘[01m[Ktf2_ros::Buffer::Buffer(tf2_ros::Buffer&)[m[K’ first required here 
 class Transformer
[01;32m[K       ^[m[K
In file included from [01m[K/home/users/fri/matthew_ws/catkin_ws/src/hw5/include/hw5/NavPR.h:6:0[m[K,
                 from [01m[K/home/users/fri/matthew_ws/catkin_ws/src/hw5/src/NavPR.cpp:1[m[K:
[01m[K/opt/ros/kinetic/include/tf/transform_listener.h:[m[K In copy constructor ‘[01m[Ktf::TransformListener::TransformListener(tf::TransformListener&)[m[K’:
[01m[K/opt/ros/kinetic/include/tf/transform_listener.h:69:7:[m[K [01;36m[Knote: [m[Ksynthesized method ‘[01m[Ktf::Transformer::Transformer(tf::Transformer&)[m[K’ first required here 
 class TransformListener : public Transformer { //subscribes to message and automatically stores incoming data
[01;32m[K       ^[m[K
In file included from [01m[K/usr/include/boost/thread/lock_guard.hpp:11:0[m[K,
                 from [01m[K/usr/include/boost/thread/pthread/thread_data.hpp:11[m[K,
                 from [01m[K/usr/include/boost/thread/pthread/condition_variable.hpp:12[m[K,
                 from [01m[K/usr/include/boost/thread/condition_variable.hpp:16[m[K,
                 from [01m[K/usr/include/boost/thread/condition.hpp:13[m[K,
                 from [01m[K/opt/ros/kinetic/include/actionlib/client/simple_action_client.h:38[m[K,
                 from [01m[K/home/users/fri/matthew_ws/catkin_ws/src/hw5/include/hw5/NavPR.h:2[m[K,
                 from [01m[K/home/users/fri/matthew_ws/catkin_ws/src/hw5/src/NavPR.cpp:1[m[K:
[01m[K/usr/include/boost/thread/pthread/mutex.hpp:[m[K In copy constructor ‘[01m[Kros::CallbackQueue::CallbackQueue(ros::CallbackQueue&)[m[K’:
[01m[K/usr/include/boost/thread/pthread/mutex.hpp:97:9:[m[K [01;31m[Kerror: [m[K‘[01m[Kboost::mutex::mutex(boost::mutex&)[m[K’ is private
         BOOST_THREAD_NO_COPYABLE(mutex)
[01;32m[K         ^[m[K
In file included from [01m[K/opt/ros/kinetic/include/actionlib/client/simple_action_client.h:46:0[m[K,
                 from [01m[K/home/users/fri/matthew_ws/catkin_ws/src/hw5/include/hw5/NavPR.h:2[m[K,
                 from [01m[K/home/users/fri/matthew_ws/catkin_ws/src/hw5/src/NavPR.cpp:1[m[K:
[01m[K/opt/ros/kinetic/include/ros/callback_queue.h:57:19:[m[K [01;31m[Kerror: [m[Kwithin this context
 class ROSCPP_DECL CallbackQueue : public CallbackQueueInterface
[01;32m[K                   ^[m[K
In file included from [01m[K/usr/include/boost/thread/lock_guard.hpp:11:0[m[K,
                 from [01m[K/usr/include/boost/thread/pthread/thread_data.hpp:11[m[K,
                 from [01m[K/usr/include/boost/thread/pthread/condition_variable.hpp:12[m[K,
                 from [01m[K/usr/include/boost/thread/condition_variable.hpp:16[m[K,
                 from [01m[K/usr/include/boost/thread/condition.hpp:13[m[K,
                 from [01m[K/opt/ros/kinetic/include/actionlib/client/simple_action_client.h:38[m[K,
                 from [01m[K/home/users/fri/matthew_ws/catkin_ws/src/hw5/include/hw5/NavPR.h:2[m[K,
                 from [01m[K/home/users/fri/matthew_ws/catkin_ws/src/hw5/src/NavPR.cpp:1[m[K:
[01m[K/usr/include/boost/thread/pthread/condition_variable_fwd.hpp:55:7:[m[K [01;31m[Kerror: [m[K‘[01m[Kboost::condition_variable::condition_variable(boost::condition_variable&)[m[K’ is private
       BOOST_THREAD_NO_COPYABLE(condition_variable)
[01;32m[K       ^[m[K
In file included from [01m[K/opt/ros/kinetic/include/actionlib/client/simple_action_client.h:46:0[m[K,
                 from [01m[K/home/users/fri/matthew_ws/catkin_ws/src/hw5/include/hw5/NavPR.h:2[m[K,
                 from [01m[K/home/users/fri/matthew_ws/catkin_ws/src/hw5/src/NavPR.cpp:1[m[K:
[01m[K/opt/ros/kinetic/include/ros/callback_queue.h:57:19:[m[K [01;31m[Kerror: [m[Kwithin this context
 class ROSCPP_DECL CallbackQueue : public CallbackQueueInterface
[01;32m[K                   ^[m[K
In file included from [01m[K/usr/include/boost/thread/lock_guard.hpp:11:0[m[K,
                 from [01m[K/usr/include/boost/thread/pthread/thread_data.hpp:11[m[K,
                 from [01m[K/usr/include/boost/thread/pthread/condition_variable.hpp:12[m[K,
                 from [01m[K/usr/include/boost/thread/condition_variable.hpp:16[m[K,
                 from [01m[K/usr/include/boost/thread/condition.hpp:13[m[K,
                 from [01m[K/opt/ros/kinetic/include/actionlib/client/simple_action_client.h:38[m[K,
                 from [01m[K/home/users/fri/matthew_ws/catkin_ws/src/hw5/include/hw5/NavPR.h:2[m[K,
                 from [01m[K/home/users/fri/matthew_ws/catkin_ws/src/hw5/src/NavPR.cpp:1[m[K:
[01m[K/usr/include/boost/thread/pthread/mutex.hpp:97:9:[m[K [01;31m[Kerror: [m[K‘[01m[Kboost::mutex::mutex(boost::mutex&)[m[K’ is private
         BOOST_THREAD_NO_COPYABLE(mutex)
[01;32m[K         ^[m[K
In file included from [01m[K/opt/ros/kinetic/include/actionlib/client/simple_action_client.h:46:0[m[K,
                 from [01m[K/home/users/fri/matthew_ws/catkin_ws/src/hw5/include/hw5/NavPR.h:2[m[K,
                 from [01m[K/home/users/fri/matthew_ws/catkin_ws/src/hw5/src/NavPR.cpp:1[m[K:
[01m[K/opt/ros/kinetic/include/ros/callback_queue.h:57:19:[m[K [01;31m[Kerror: [m[Kwithin this context
 class ROSCPP_DECL CallbackQueue : public CallbackQueueInterface
[01;32m[K                   ^[m[K
In file included from [01m[K/opt/ros/kinetic/include/ros/callback_queue.h:46:0[m[K,
                 from [01m[K/opt/ros/kinetic/include/actionlib/client/simple_action_client.h:46[m[K,
                 from [01m[K/home/users/fri/matthew_ws/catkin_ws/src/hw5/include/hw5/NavPR.h:2[m[K,
                 from [01m[K/home/users/fri/matthew_ws/catkin_ws/src/hw5/src/NavPR.cpp:1[m[K:
[01m[K/usr/include/boost/thread/tss.hpp:34:9:[m[K [01;31m[Kerror: [m[K‘[01m[Kboost::thread_specific_ptr<T>::thread_specific_ptr(boost::thread_specific_ptr<T>&) [with T = ros::CallbackQueue::TLS][m[K’ is private
         thread_specific_ptr(thread_specific_ptr&);
[01;32m[K         ^[m[K
In file included from [01m[K/opt/ros/kinetic/include/actionlib/client/simple_action_client.h:46:0[m[K,
                 from [01m[K/home/users/fri/matthew_ws/catkin_ws/src/hw5/include/hw5/NavPR.h:2[m[K,
                 from [01m[K/home/users/fri/matthew_ws/catkin_ws/src/hw5/src/NavPR.cpp:1[m[K:
[01m[K/opt/ros/kinetic/include/ros/callback_queue.h:57:19:[m[K [01;31m[Kerror: [m[Kwithin this context
 class ROSCPP_DECL CallbackQueue : public CallbackQueueInterface
[01;32m[K                   ^[m[K
In file included from [01m[K/opt/ros/kinetic/include/tf/transform_listener.h:45:0[m[K,
                 from [01m[K/home/users/fri/matthew_ws/catkin_ws/src/hw5/include/hw5/NavPR.h:6[m[K,
                 from [01m[K/home/users/fri/matthew_ws/catkin_ws/src/hw5/src/NavPR.cpp:1[m[K:
[01m[K/opt/ros/kinetic/include/tf2_ros/transform_listener.h:[m[K In copy constructor ‘[01m[Ktf2_ros::TransformListener::TransformListener(tf2_ros::TransformListener&)[m[K’:
[01m[K/opt/ros/kinetic/include/tf2_ros/transform_listener.h:48:7:[m[K [01;36m[Knote: [m[Ksynthesized method ‘[01m[Kros::CallbackQueue::CallbackQueue(ros::CallbackQueue&)[m[K’ first required here 
 class TransformListener
[01;32m[K       ^[m[K
In file included from [01m[K/home/users/fri/matthew_ws/catkin_ws/src/hw5/include/hw5/NavPR.h:6:0[m[K,
                 from [01m[K/home/users/fri/matthew_ws/catkin_ws/src/hw5/src/NavPR.cpp:1[m[K:
[01m[K/opt/ros/kinetic/include/tf/transform_listener.h:[m[K In copy constructor ‘[01m[Ktf::TransformListener::TransformListener(tf::TransformListener&)[m[K’:
[01m[K/opt/ros/kinetic/include/tf/transform_listener.h:69:7:[m[K [01;36m[Knote: [m[Ksynthesized method ‘[01m[Ktf2_ros::TransformListener::TransformListener(tf2_ros::TransformListener&)[m[K’ first required here 
 class TransformListener : public Transformer { //subscribes to message and automatically stores incoming data
[01;32m[K       ^[m[K
[01m[K/home/users/fri/matthew_ws/catkin_ws/src/hw5/src/NavPR.cpp:[m[K In constructor ‘[01m[KNavPR::NavPR(tf::TransformListener&, MoveBaseClient&)[m[K’:
[01m[K/home/users/fri/matthew_ws/catkin_ws/src/hw5/src/NavPR.cpp:5:86:[m[K [01;36m[Knote: [m[Ksynthesized method ‘[01m[Ktf::TransformListener::TransformListener(tf::TransformListener&)[m[K’ first required here 
 NavPR::NavPR(tf::TransformListener &tf, MoveBaseClient &ac) : listener(tf), client(ac) {
[01;32m[K                                                                                      ^[m[K
In file included from [01m[K/usr/include/boost/thread/lock_guard.hpp:11:0[m[K,
                 from [01m[K/usr/include/boost/thread/pthread/thread_data.hpp:11[m[K,
                 from [01m[K/usr/include/boost/thread/pthread/condition_variable.hpp:12[m[K,
                 from [01m[K/usr/include/boost/thread/condition_variable.hpp:16[m[K,
                 from [01m[K/usr/include/boost/thread/condition.hpp:13[m[K,
                 from [01m[K/opt/ros/kinetic/include/actionlib/client/simple_action_client.h:38[m[K,
                 from [01m[K/home/users/fri/matthew_ws/catkin_ws/src/hw5/include/hw5/NavPR.h:2[m[K,
                 from [01m[K/home/users/fri/matthew_ws/catkin_ws/src/hw5/src/NavPR.cpp:1[m[K:
[01m[K/usr/include/boost/thread/pthread/condition_variable.hpp:[m[K In copy constructor ‘[01m[Kactionlib::SimpleActionClient<move_base_msgs::MoveBaseAction_<std::allocator<void> > >::SimpleActionClient(actionlib::SimpleActionClient<move_base_msgs::MoveBaseAction_<std::allocator<void> > >&)[m[K’:
[01m[K/usr/include/boost/thread/pthread/condition_variable.hpp:151:9:[m[K [01;31m[Kerror: [m[K‘[01m[Kboost::condition_variable_any::condition_variable_any(boost::condition_variable_any&)[m[K’ is private
         BOOST_THREAD_NO_COPYABLE(condition_variable_any)
[01;32m[K         ^[m[K
In file included from [01m[K/home/users/fri/matthew_ws/catkin_ws/src/hw5/include/hw5/NavPR.h:2:0[m[K,
                 from [01m[K/home/users/fri/matthew_ws/catkin_ws/src/hw5/src/NavPR.cpp:1[m[K:
[01m[K/opt/ros/kinetic/include/actionlib/client/simple_action_client.h:72:7:[m[K [01;31m[Kerror: [m[Kwithin this context
 class SimpleActionClient
[01;32m[K       ^[m[K
In file included from [01m[K/usr/include/boost/thread/lock_guard.hpp:11:0[m[K,
                 from [01m[K/usr/include/boost/thread/pthread/thread_data.hpp:11[m[K,
                 from [01m[K/usr/include/boost/thread/pthread/condition_variable.hpp:12[m[K,
                 from [01m[K/usr/include/boost/thread/condition_variable.hpp:16[m[K,
                 from [01m[K/usr/include/boost/thread/condition.hpp:13[m[K,
                 from [01m[K/opt/ros/kinetic/include/actionlib/client/simple_action_client.h:38[m[K,
                 from [01m[K/home/users/fri/matthew_ws/catkin_ws/src/hw5/include/hw5/NavPR.h:2[m[K,
                 from [01m[K/home/users/fri/matthew_ws/catkin_ws/src/hw5/src/NavPR.cpp:1[m[K:
[01m[K/usr/include/boost/thread/pthread/mutex.hpp:97:9:[m[K [01;31m[Kerror: [m[K‘[01m[Kboost::mutex::mutex(boost::mutex&)[m[K’ is private
         BOOST_THREAD_NO_COPYABLE(mutex)
[01;32m[K         ^[m[K
In file included from [01m[K/home/users/fri/matthew_ws/catkin_ws/src/hw5/include/hw5/NavPR.h:2:0[m[K,
                 from [01m[K/home/users/fri/matthew_ws/catkin_ws/src/hw5/src/NavPR.cpp:1[m[K:
[01m[K/opt/ros/kinetic/include/actionlib/client/simple_action_client.h:72:7:[m[K [01;31m[Kerror: [m[Kwithin this context
 class SimpleActionClient
[01;32m[K       ^[m[K
In file included from [01m[K/usr/include/boost/thread/lock_guard.hpp:11:0[m[K,
                 from [01m[K/usr/include/boost/thread/pthread/thread_data.hpp:11[m[K,
                 from [01m[K/usr/include/boost/thread/pthread/condition_variable.hpp:12[m[K,
                 from [01m[K/usr/include/boost/thread/condition_variable.hpp:16[m[K,
                 from [01m[K/usr/include/boost/thread/condition.hpp:13[m[K,
                 from [01m[K/opt/ros/kinetic/include/actionlib/client/simple_action_client.h:38[m[K,
                 from [01m[K/home/users/fri/matthew_ws/catkin_ws/src/hw5/include/hw5/NavPR.h:2[m[K,
                 from [01m[K/home/users/fri/matthew_ws/catkin_ws/src/hw5/src/NavPR.cpp:1[m[K:
[01m[K/usr/include/boost/thread/pthread/mutex.hpp:97:9:[m[K [01;31m[Kerror: [m[K‘[01m[Kboost::mutex::mutex(boost::mutex&)[m[K’ is private
         BOOST_THREAD_NO_COPYABLE(mutex)
[01;32m[K         ^[m[K
In file included from [01m[K/home/users/fri/matthew_ws/catkin_ws/src/hw5/include/hw5/NavPR.h:2:0[m[K,
                 from [01m[K/home/users/fri/matthew_ws/catkin_ws/src/hw5/src/NavPR.cpp:1[m[K:
[01m[K/opt/ros/kinetic/include/actionlib/client/simple_action_client.h:72:7:[m[K [01;31m[Kerror: [m[Kwithin this context
 class SimpleActionClient
[01;32m[K       ^[m[K
In file included from [01m[K/usr/include/boost/scoped_ptr.hpp:14:0[m[K,
                 from [01m[K/opt/ros/kinetic/include/actionlib/client/simple_action_client.h:40[m[K,
                 from [01m[K/home/users/fri/matthew_ws/catkin_ws/src/hw5/include/hw5/NavPR.h:2[m[K,
                 from [01m[K/home/users/fri/matthew_ws/catkin_ws/src/hw5/src/NavPR.cpp:1[m[K:
[01m[K/usr/include/boost/smart_ptr/scoped_ptr.hpp:47:5:[m[K [01;31m[Kerror: [m[K‘[01m[Kboost::scoped_ptr<T>::scoped_ptr(const boost::scoped_ptr<T>&) [with T = actionlib::ActionClient<move_base_msgs::MoveBaseAction_<std::allocator<void> > >][m[K’ is private
     scoped_ptr(scoped_ptr const &);
[01;32m[K     ^[m[K
In file included from [01m[K/home/users/fri/matthew_ws/catkin_ws/src/hw5/include/hw5/NavPR.h:2:0[m[K,
                 from [01m[K/home/users/fri/matthew_ws/catkin_ws/src/hw5/src/NavPR.cpp:1[m[K:
[01m[K/opt/ros/kinetic/include/actionlib/client/simple_action_client.h:72:7:[m[K [01;31m[Kerror: [m[Kwithin this context
 class SimpleActionClient
[01;32m[K       ^[m[K
[01m[K/home/users/fri/matthew_ws/catkin_ws/src/hw5/src/NavPR.cpp:[m[K In constructor ‘[01m[KNavPR::NavPR(tf::TransformListener&, MoveBaseClient&)[m[K’:
[01m[K/home/users/fri/matthew_ws/catkin_ws/src/hw5/src/NavPR.cpp:5:86:[m[K [01;36m[Knote: [m[Ksynthesized method ‘[01m[Kactionlib::SimpleActionClient<move_base_msgs::MoveBaseAction_<std::allocator<void> > >::SimpleActionClient(actionlib::SimpleActionClient<move_base_msgs::MoveBaseAction_<std::allocator<void> > >&)[m[K’ first required here 
 NavPR::NavPR(tf::TransformListener &tf, MoveBaseClient &ac) : listener(tf), client(ac) {
[01;32m[K                                                                                      ^[m[K
[01m[K/home/users/fri/matthew_ws/catkin_ws/src/hw5/src/NavPR.cpp:[m[K In member function ‘[01m[Kvirtual void NavPR::receivePose(geometry_msgs::Pose&)[m[K’:
[01m[K/home/users/fri/matthew_ws/catkin_ws/src/hw5/src/NavPR.cpp:18:30:[m[K [01;35m[Kwarning: [m[K‘[01m[Ktf::Quaternion::Quaternion(const tfScalar&, const tfScalar&, const tfScalar&)[m[K’ is deprecated [-Wdeprecated-declarations]
  tf::Quaternion rpy(0, 0, yaw);
[01;32m[K                              ^[m[K
In file included from [01m[K/opt/ros/kinetic/include/tf/LinearMath/Matrix3x3.h:20:0[m[K,
                 from [01m[K/opt/ros/kinetic/include/tf/LinearMath/Transform.h:21[m[K,
                 from [01m[K/opt/ros/kinetic/include/tf/transform_datatypes.h:41[m[K,
                 from [01m[K/opt/ros/kinetic/include/tf/time_cache.h:38[m[K,
                 from [01m[K/opt/ros/kinetic/include/tf/tf.h:43[m[K,
                 from [01m[K/home/users/fri/matthew_ws/catkin_ws/src/hw5/include/hw5/NavPR.h:5[m[K,
                 from [01m[K/home/users/fri/matthew_ws/catkin_ws/src/hw5/src/NavPR.cpp:1[m[K:
[01m[K/opt/ros/kinetic/include/tf/LinearMath/Quaternion.h:51:3:[m[K [01;36m[Knote: [m[Kdeclared here
   Quaternion(const tfScalar& yaw, const tfScalar& pitch, const tfScalar& roll) __attribute__((deprecated))
[01;32m[K   ^[m[K
[01m[K/home/users/fri/matthew_ws/catkin_ws/src/hw5/src/hw5_nav_node.cpp:[m[K In function ‘[01m[Kint main(int, char**)[m[K’:
[01m[K/home/users/fri/matthew_ws/catkin_ws/src/hw5/src/hw5_nav_node.cpp:39:25:[m[K [01;31m[Kerror: [m[Kno matching function for call to ‘[01m[KNavPR::NavPR(tf::TransformListener*, MoveBaseClient*)[m[K’
   NavPR navPR(&tf_l, &ac);
[01;32m[K                         ^[m[K
In file included from [01m[K/home/users/fri/matthew_ws/catkin_ws/src/hw5/src/hw5_nav_node.cpp:8:0[m[K:
[01m[K/home/users/fri/matthew_ws/catkin_ws/src/hw5/include/hw5/NavPR.h:14:3:[m[K [01;36m[Knote: [m[Kcandidate: NavPR::NavPR(tf::TransformListener&, MoveBaseClient&)
   NavPR(tf::TransformListener &tf, MoveBaseClient &ac);
[01;32m[K   ^[m[K
[01m[K/home/users/fri/matthew_ws/catkin_ws/src/hw5/include/hw5/NavPR.h:14:3:[m[K [01;36m[Knote: [m[K  no known conversion for argument 1 from ‘[01m[Ktf::TransformListener*[m[K’ to ‘[01m[Ktf::TransformListener&[m[K’
[01m[K/home/users/fri/matthew_ws/catkin_ws/src/hw5/include/hw5/NavPR.h:12:7:[m[K [01;36m[Knote: [m[Kcandidate: NavPR::NavPR(NavPR&)
 class NavPR : public PoseRecipient {
[01;32m[K       ^[m[K
[01m[K/home/users/fri/matthew_ws/catkin_ws/src/hw5/include/hw5/NavPR.h:12:7:[m[K [01;36m[Knote: [m[K  candidate expects 1 argument, 2 provided
In file included from [01m[K/usr/include/boost/thread/lock_guard.hpp:11:0[m[K,
                 from [01m[K/usr/include/boost/thread/pthread/thread_data.hpp:11[m[K,
                 from [01m[K/usr/include/boost/thread/pthread/condition_variable.hpp:12[m[K,
                 from [01m[K/usr/include/boost/thread/condition_variable.hpp:16[m[K,
                 from [01m[K/usr/include/boost/thread/condition.hpp:13[m[K,
                 from [01m[K/opt/ros/kinetic/include/actionlib/client/simple_action_client.h:38[m[K,
                 from [01m[K/home/users/fri/matthew_ws/catkin_ws/src/hw5/include/hw5/NavPR.h:2[m[K,
                 from [01m[K/home/users/fri/matthew_ws/catkin_ws/src/hw5/src/NavPR.cpp:1[m[K:
[01m[K/usr/include/boost/thread/pthread/mutex.hpp:[m[K In copy constructor ‘[01m[Ktf2::BufferCore::BufferCore(tf2::BufferCore&)[m[K’:
[01m[K/usr/include/boost/thread/pthread/mutex.hpp:97:9:[m[K [01;31m[Kerror: [m[K‘[01m[Kboost::mutex::mutex(boost::mutex&)[m[K’ is private
         BOOST_THREAD_NO_COPYABLE(mutex)
[01;32m[K         ^[m[K
In file included from [01m[K/opt/ros/kinetic/include/tf2_ros/buffer_interface.h:35:0[m[K,
                 from [01m[K/opt/ros/kinetic/include/tf2_ros/buffer.h:35[m[K,
                 from [01m[K/opt/ros/kinetic/include/tf/tf.h:48[m[K,
                 from [01m[K/home/users/fri/matthew_ws/catkin_ws/src/hw5/include/hw5/NavPR.h:5[m[K,
                 from [01m[K/home/users/fri/matthew_ws/catkin_ws/src/hw5/src/NavPR.cpp:1[m[K:
[01m[K/opt/ros/kinetic/include/tf2/buffer_core.h:88:7:[m[K [01;31m[Kerror: [m[Kwithin this context
 class BufferCore
[01;32m[K       ^[m[K
In file included from [01m[K/usr/include/boost/thread/lock_guard.hpp:11:0[m[K,
                 from [01m[K/usr/include/boost/thread/pthread/thread_data.hpp:11[m[K,
                 from [01m[K/usr/include/boost/thread/pthread/condition_variable.hpp:12[m[K,
                 from [01m[K/usr/include/boost/thread/condition_variable.hpp:16[m[K,
                 from [01m[K/usr/include/boost/thread/condition.hpp:13[m[K,
                 from [01m[K/opt/ros/kinetic/include/actionlib/client/simple_action_client.h:38[m[K,
                 from [01m[K/home/users/fri/matthew_ws/catkin_ws/src/hw5/include/hw5/NavPR.h:2[m[K,
                 from [01m[K/home/users/fri/matthew_ws/catkin_ws/src/hw5/src/NavPR.cpp:1[m[K:
[01m[K/usr/include/boost/thread/pthread/mutex.hpp:97:9:[m[K [01;31m[Kerror: [m[K‘[01m[Kboost::mutex::mutex(boost::mutex&)[m[K’ is private
         BOOST_THREAD_NO_COPYABLE(mutex)
[01;32m[K         ^[m[K
In file included from [01m[K/opt/ros/kinetic/include/tf2_ros/buffer_interface.h:35:0[m[K,
                 from [01m[K/opt/ros/kinetic/include/tf2_ros/buffer.h:35[m[K,
                 from [01m[K/opt/ros/kinetic/include/tf/tf.h:48[m[K,
                 from [01m[K/home/users/fri/matthew_ws/catkin_ws/src/hw5/include/hw5/NavPR.h:5[m[K,
                 from [01m[K/home/users/fri/matthew_ws/catkin_ws/src/hw5/src/NavPR.cpp:1[m[K:
[01m[K/opt/ros/kinetic/include/tf2/buffer_core.h:88:7:[m[K [01;31m[Kerror: [m[Kwithin this context
 class BufferCore
[01;32m[K       ^[m[K
In file included from [01m[K/usr/include/boost/thread/lock_guard.hpp:11:0[m[K,
                 from [01m[K/usr/include/boost/thread/pthread/thread_data.hpp:11[m[K,
                 from [01m[K/usr/include/boost/thread/pthread/condition_variable.hpp:12[m[K,
                 from [01m[K/usr/include/boost/thread/condition_variable.hpp:16[m[K,
                 from [01m[K/usr/include/boost/thread/condition.hpp:13[m[K,
                 from [01m[K/opt/ros/kinetic/include/actionlib/client/simple_action_client.h:38[m[K,
                 from [01m[K/home/users/fri/matthew_ws/catkin_ws/src/hw5/include/hw5/NavPR.h:2[m[K,
                 from [01m[K/home/users/fri/matthew_ws/catkin_ws/src/hw5/src/NavPR.cpp:1[m[K:
[01m[K/usr/include/boost/thread/pthread/mutex.hpp:97:9:[m[K [01;31m[Kerror: [m[K‘[01m[Kboost::mutex::mutex(boost::mutex&)[m[K’ is private
         BOOST_THREAD_NO_COPYABLE(mutex)
[01;32m[K         ^[m[K
In file included from [01m[K/opt/ros/kinetic/include/tf2_ros/buffer_interface.h:35:0[m[K,
                 from [01m[K/opt/ros/kinetic/include/tf2_ros/buffer.h:35[m[K,
                 from [01m[K/opt/ros/kinetic/include/tf/tf.h:48[m[K,
                 from [01m[K/home/users/fri/matthew_ws/catkin_ws/src/hw5/include/hw5/NavPR.h:5[m[K,
                 from [01m[K/home/users/fri/matthew_ws/catkin_ws/src/hw5/src/NavPR.cpp:1[m[K:
[01m[K/opt/ros/kinetic/include/tf2/buffer_core.h:88:7:[m[K [01;31m[Kerror: [m[Kwithin this context
 class BufferCore
[01;32m[K       ^[m[K
In file included from [01m[K/usr/include/boost/noncopyable.hpp:15:0[m[K,
                 from [01m[K/usr/include/boost/system/error_code.hpp:17[m[K,
                 from [01m[K/usr/include/boost/system/system_error.hpp:14[m[K,
                 from [01m[K/usr/include/boost/thread/exceptions.hpp:22[m[K,
                 from [01m[K/usr/include/boost/thread/pthread/thread_data.hpp:10[m[K,
                 from [01m[K/usr/include/boost/thread/pthread/condition_variable.hpp:12[m[K,
                 from [01m[K/usr/include/boost/thread/condition_variable.hpp:16[m[K,
                 from [01m[K/usr/include/boost/thread/condition.hpp:13[m[K,
                 from [01m[K/opt/ros/kinetic/include/actionlib/client/simple_action_client.h:38[m[K,
                 from [01m[K/home/users/fri/matthew_ws/catkin_ws/src/hw5/include/hw5/NavPR.h:2[m[K,
                 from [01m[K/home/users/fri/matthew_ws/catkin_ws/src/hw5/src/NavPR.cpp:1[m[K:
[01m[K/usr/include/boost/core/noncopyable.hpp:[m[K In copy constructor ‘[01m[Kboost::signals2::signal_base::signal_base(const boost::signals2::signal_base&)[m[K’:
[01m[K/usr/include/boost/core/noncopyable.hpp:38:7:[m[K [01;31m[Kerror: [m[K‘[01m[Kboost::noncopyable_::noncopyable::noncopyable(const boost::noncopyable_::noncopyable&)[m[K’ is private
       noncopyable( const noncopyable& );
[01;32m[K       ^[m[K
In file included from [01m[K/usr/include/boost/signals2/detail/signals_common.hpp:17:0[m[K,
                 from [01m[K/usr/include/boost/signals2/slot.hpp:20[m[K,
                 from [01m[K/usr/include/boost/signals2/connection.hpp:23[m[K,
                 from [01m[K/usr/include/boost/signals2/signal.hpp:22[m[K,
                 from [01m[K/usr/include/boost/signals2.hpp:19[m[K,
                 from [01m[K/opt/ros/kinetic/include/tf/tf.h:45[m[K,
                 from [01m[K/home/users/fri/matthew_ws/catkin_ws/src/hw5/include/hw5/NavPR.h:5[m[K,
                 from [01m[K/home/users/fri/matthew_ws/catkin_ws/src/hw5/src/NavPR.cpp:1[m[K:
[01m[K/usr/include/boost/signals2/signal_base.hpp:21:11:[m[K [01;31m[Kerror: [m[Kwithin this context
     class signal_base : public noncopyable
[01;32m[K           ^[m[K
In file included from [01m[K/usr/include/boost/mpl/aux_/integral_wrapper.hpp:22:0[m[K,
                 from [01m[K/usr/include/boost/mpl/int.hpp:20[m[K,
                 from [01m[K/usr/include/boost/type_traits/detail/template_arity_spec.hpp:10[m[K,
                 from [01m[K/usr/include/boost/type_traits/detail/bool_trait_def.hpp:14[m[K,
                 from [01m[K/usr/include/boost/type_traits/is_integral.hpp:15[m[K,
                 from [01m[K/usr/include/boost/math/tools/config.hpp:16[m[K,
                 from [01m[K/usr/include/boost/math/special_functions/round.hpp:13[m[K,
                 from [01m[K/opt/ros/kinetic/include/ros/time.h:58[m[K,
                 from [01m[K/opt/ros/kinetic/include/ros/serialization.h:34[m[K,
                 from [01m[K/opt/ros/kinetic/include/move_base_msgs/MoveBaseAction.h:14[m[K,
                 from [01m[K/home/users/fri/matthew_ws/catkin_ws/src/hw5/include/hw5/NavPR.h:1[m[K,
                 from [01m[K/home/users/fri/matthew_ws/catkin_ws/src/hw5/src/NavPR.cpp:1[m[K:
[01m[K/usr/include/boost/signals2/detail/signal_template.hpp:[m[K In copy constructor ‘[01m[Kboost::signals2::signal0<void, boost::signals2::optional_last_value<void>, int, std::less<int>, boost::function<void()>, boost::function<void(const boost::signals2::connection&)>, boost::signals2::mutex>::signal0(const boost::signals2::signal0<void, boost::signals2::optional_last_value<void>, int, std::less<int>, boost::function<void()>, boost::function<void(const boost::signals2::connection&)>, boost::signals2::mutex>&)[m[K’:
[01m[K/usr/include/boost/signals2/detail/signal_template.hpp:594:11:[m[K [01;36m[Knote: [m[Ksynthesized method ‘[01m[Kboost::signals2::signal_base::signal_base(const boost::signals2::signal_base&)[m[K’ first required here 
     class BOOST_SIGNALS2_SIGNAL_CLASS_NAME(BOOST_SIGNALS2_NUM_ARGS)
[01;32m[K           ^[m[K
In file included from [01m[K/usr/include/boost/signals2/signal.hpp:37:0[m[K,
                 from [01m[K/usr/include/boost/signals2.hpp:19[m[K,
                 from [01m[K/opt/ros/kinetic/include/tf/tf.h:45[m[K,
                 from [01m[K/home/users/fri/matthew_ws/catkin_ws/src/hw5/include/hw5/NavPR.h:5[m[K,
                 from [01m[K/home/users/fri/matthew_ws/catkin_ws/src/hw5/src/NavPR.cpp:1[m[K:
[01m[K/usr/include/boost/signals2/preprocessed_signal.hpp:[m[K In copy constructor ‘[01m[Kboost::signals2::signal<void()>::signal(const boost::signals2::signal<void()>&)[m[K’:
[01m[K/usr/include/boost/signals2/preprocessed_signal.hpp:41:11:[m[K [01;36m[Knote: [m[Ksynthesized method ‘[01m[Kboost::signals2::signal0<void, boost::signals2::optional_last_value<void>, int, std::less<int>, boost::function<void()>, boost::function<void(const boost::signals2::connection&)>, boost::signals2::mutex>::signal0(const boost::signals2::signal0<void, boost::signals2::optional_last_value<void>, int, std::less<int>, boost::function<void()>, boost::function<void(const boost::signals2::connection&)>, boost::signals2::mutex>&)[m[K’ first required here 
     class signal: public detail::signalN<function_traits<Signature>::arity,
[01;32m[K           ^[m[K
In file included from [01m[K/opt/ros/kinetic/include/tf2_ros/buffer_interface.h:35:0[m[K,
                 from [01m[K/opt/ros/kinetic/include/tf2_ros/buffer.h:35[m[K,
                 from [01m[K/opt/ros/kinetic/include/tf/tf.h:48[m[K,
                 from [01m[K/home/users/fri/matthew_ws/catkin_ws/src/hw5/include/hw5/NavPR.h:5[m[K,
                 from [01m[K/home/users/fri/matthew_ws/catkin_ws/src/hw5/src/NavPR.cpp:1[m[K:
[01m[K/opt/ros/kinetic/include/tf2/buffer_core.h:[m[K In copy constructor ‘[01m[Ktf2::BufferCore::BufferCore(tf2::BufferCore&)[m[K’:
[01m[K/opt/ros/kinetic/include/tf2/buffer_core.h:88:7:[m[K [01;36m[Knote: [m[Ksynthesized method ‘[01m[Kboost::signals2::signal<void()>::signal(const boost::signals2::signal<void()>&)[m[K’ first required here 
 class BufferCore
[01;32m[K       ^[m[K
In file included from [01m[K/opt/ros/kinetic/include/tf/tf.h:48:0[m[K,
                 from [01m[K/home/users/fri/matthew_ws/catkin_ws/src/hw5/include/hw5/NavPR.h:5[m[K,
                 from [01m[K/home/users/fri/matthew_ws/catkin_ws/src/hw5/src/NavPR.cpp:1[m[K:
[01m[K/opt/ros/kinetic/include/tf2_ros/buffer.h:[m[K In copy constructor ‘[01m[Ktf2_ros::Buffer::Buffer(tf2_ros::Buffer&)[m[K’:
[01m[K/opt/ros/kinetic/include/tf2_ros/buffer.h:51:9:[m[K [01;36m[Knote: [m[Ksynthesized method ‘[01m[Ktf2::BufferCore::BufferCore(tf2::BufferCore&)[m[K’ first required here 
   class Buffer: public BufferInterface, public tf2::BufferCore
[01;32m[K         ^[m[K
In file included from [01m[K/home/users/fri/matthew_ws/catkin_ws/src/hw5/include/hw5/NavPR.h:5:0[m[K,
                 from [01m[K/home/users/fri/matthew_ws/catkin_ws/src/hw5/src/NavPR.cpp:1[m[K:
[01m[K/opt/ros/kinetic/include/tf/tf.h:[m[K In copy constructor ‘[01m[Ktf::Transformer::Transformer(tf::Transformer&)[m[K’:
[01m[K/opt/ros/kinetic/include/tf/tf.h:90:7:[m[K [01;36m[Knote: [m[Ksynthesized method ‘[01m[Ktf2_ros::Buffer::Buffer(tf2_ros::Buffer&)[m[K’ first required here 
 class Transformer
[01;32m[K       ^[m[K
In file included from [01m[K/home/users/fri/matthew_ws/catkin_ws/src/hw5/include/hw5/NavPR.h:6:0[m[K,
                 from [01m[K/home/users/fri/matthew_ws/catkin_ws/src/hw5/src/NavPR.cpp:1[m[K:
[01m[K/opt/ros/kinetic/include/tf/transform_listener.h:[m[K In copy constructor ‘[01m[Ktf::TransformListener::TransformListener(tf::TransformListener&)[m[K’:
[01m[K/opt/ros/kinetic/include/tf/transform_listener.h:69:7:[m[K [01;36m[Knote: [m[Ksynthesized method ‘[01m[Ktf::Transformer::Transformer(tf::Transformer&)[m[K’ first required here 
 class TransformListener : public Transformer { //subscribes to message and automatically stores incoming data
[01;32m[K       ^[m[K
In file included from [01m[K/usr/include/boost/thread/lock_guard.hpp:11:0[m[K,
                 from [01m[K/usr/include/boost/thread/pthread/thread_data.hpp:11[m[K,
                 from [01m[K/usr/include/boost/thread/pthread/condition_variable.hpp:12[m[K,
                 from [01m[K/usr/include/boost/thread/condition_variable.hpp:16[m[K,
                 from [01m[K/usr/include/boost/thread/condition.hpp:13[m[K,
                 from [01m[K/opt/ros/kinetic/include/actionlib/client/simple_action_client.h:38[m[K,
                 from [01m[K/home/users/fri/matthew_ws/catkin_ws/src/hw5/include/hw5/NavPR.h:2[m[K,
                 from [01m[K/home/users/fri/matthew_ws/catkin_ws/src/hw5/src/NavPR.cpp:1[m[K:
[01m[K/usr/include/boost/thread/pthread/mutex.hpp:[m[K In copy constructor ‘[01m[Kros::CallbackQueue::CallbackQueue(ros::CallbackQueue&)[m[K’:
[01m[K/usr/include/boost/thread/pthread/mutex.hpp:97:9:[m[K [01;31m[Kerror: [m[K‘[01m[Kboost::mutex::mutex(boost::mutex&)[m[K’ is private
         BOOST_THREAD_NO_COPYABLE(mutex)
[01;32m[K         ^[m[K
In file included from [01m[K/opt/ros/kinetic/include/actionlib/client/simple_action_client.h:46:0[m[K,
                 from [01m[K/home/users/fri/matthew_ws/catkin_ws/src/hw5/include/hw5/NavPR.h:2[m[K,
                 from [01m[K/home/users/fri/matthew_ws/catkin_ws/src/hw5/src/NavPR.cpp:1[m[K:
[01m[K/opt/ros/kinetic/include/ros/callback_queue.h:57:19:[m[K [01;31m[Kerror: [m[Kwithin this context
 class ROSCPP_DECL CallbackQueue : public CallbackQueueInterface
[01;32m[K                   ^[m[K
In file included from [01m[K/usr/include/boost/thread/lock_guard.hpp:11:0[m[K,
                 from [01m[K/usr/include/boost/thread/pthread/thread_data.hpp:11[m[K,
                 from [01m[K/usr/include/boost/thread/pthread/condition_variable.hpp:12[m[K,
                 from [01m[K/usr/include/boost/thread/condition_variable.hpp:16[m[K,
                 from [01m[K/usr/include/boost/thread/condition.hpp:13[m[K,
                 from [01m[K/opt/ros/kinetic/include/actionlib/client/simple_action_client.h:38[m[K,
                 from [01m[K/home/users/fri/matthew_ws/catkin_ws/src/hw5/include/hw5/NavPR.h:2[m[K,
                 from [01m[K/home/users/fri/matthew_ws/catkin_ws/src/hw5/src/NavPR.cpp:1[m[K:
[01m[K/usr/include/boost/thread/pthread/condition_variable_fwd.hpp:55:7:[m[K [01;31m[Kerror: [m[K‘[01m[Kboost::condition_variable::condition_variable(boost::condition_variable&)[m[K’ is private
       BOOST_THREAD_NO_COPYABLE(condition_variable)
[01;32m[K       ^[m[K
In file included from [01m[K/opt/ros/kinetic/include/actionlib/client/simple_action_client.h:46:0[m[K,
                 from [01m[K/home/users/fri/matthew_ws/catkin_ws/src/hw5/include/hw5/NavPR.h:2[m[K,
                 from [01m[K/home/users/fri/matthew_ws/catkin_ws/src/hw5/src/NavPR.cpp:1[m[K:
[01m[K/opt/ros/kinetic/include/ros/callback_queue.h:57:19:[m[K [01;31m[Kerror: [m[Kwithin this context
 class ROSCPP_DECL CallbackQueue : public CallbackQueueInterface
[01;32m[K                   ^[m[K
In file included from [01m[K/usr/include/boost/thread/lock_guard.hpp:11:0[m[K,
                 from [01m[K/usr/include/boost/thread/pthread/thread_data.hpp:11[m[K,
                 from [01m[K/usr/include/boost/thread/pthread/condition_variable.hpp:12[m[K,
                 from [01m[K/usr/include/boost/thread/condition_variable.hpp:16[m[K,
                 from [01m[K/usr/include/boost/thread/condition.hpp:13[m[K,
                 from [01m[K/opt/ros/kinetic/include/actionlib/client/simple_action_client.h:38[m[K,
                 from [01m[K/home/users/fri/matthew_ws/catkin_ws/src/hw5/include/hw5/NavPR.h:2[m[K,
                 from [01m[K/home/users/fri/matthew_ws/catkin_ws/src/hw5/src/NavPR.cpp:1[m[K:
[01m[K/usr/include/boost/thread/pthread/mutex.hpp:97:9:[m[K [01;31m[Kerror: [m[K‘[01m[Kboost::mutex::mutex(boost::mutex&)[m[K’ is private
         BOOST_THREAD_NO_COPYABLE(mutex)
[01;32m[K         ^[m[K
In file included from [01m[K/opt/ros/kinetic/include/actionlib/client/simple_action_client.h:46:0[m[K,
                 from [01m[K/home/users/fri/matthew_ws/catkin_ws/src/hw5/include/hw5/NavPR.h:2[m[K,
                 from [01m[K/home/users/fri/matthew_ws/catkin_ws/src/hw5/src/NavPR.cpp:1[m[K:
[01m[K/opt/ros/kinetic/include/ros/callback_queue.h:57:19:[m[K [01;31m[Kerror: [m[Kwithin this context
 class ROSCPP_DECL CallbackQueue : public CallbackQueueInterface
[01;32m[K                   ^[m[K
In file included from [01m[K/opt/ros/kinetic/include/ros/callback_queue.h:46:0[m[K,
                 from [01m[K/opt/ros/kinetic/include/actionlib/client/simple_action_client.h:46[m[K,
                 from [01m[K/home/users/fri/matthew_ws/catkin_ws/src/hw5/include/hw5/NavPR.h:2[m[K,
                 from [01m[K/home/users/fri/matthew_ws/catkin_ws/src/hw5/src/NavPR.cpp:1[m[K:
[01m[K/usr/include/boost/thread/tss.hpp:34:9:[m[K [01;31m[Kerror: [m[K‘[01m[Kboost::thread_specific_ptr<T>::thread_specific_ptr(boost::thread_specific_ptr<T>&) [with T = ros::CallbackQueue::TLS][m[K’ is private
         thread_specific_ptr(thread_specific_ptr&);
[01;32m[K         ^[m[K
In file included from [01m[K/opt/ros/kinetic/include/actionlib/client/simple_action_client.h:46:0[m[K,
                 from [01m[K/home/users/fri/matthew_ws/catkin_ws/src/hw5/include/hw5/NavPR.h:2[m[K,
                 from [01m[K/home/users/fri/matthew_ws/catkin_ws/src/hw5/src/NavPR.cpp:1[m[K:
[01m[K/opt/ros/kinetic/include/ros/callback_queue.h:57:19:[m[K [01;31m[Kerror: [m[Kwithin this context
 class ROSCPP_DECL CallbackQueue : public CallbackQueueInterface
[01;32m[K                   ^[m[K
In file included from [01m[K/opt/ros/kinetic/include/tf/transform_listener.h:45:0[m[K,
                 from [01m[K/home/users/fri/matthew_ws/catkin_ws/src/hw5/include/hw5/NavPR.h:6[m[K,
                 from [01m[K/home/users/fri/matthew_ws/catkin_ws/src/hw5/src/NavPR.cpp:1[m[K:
[01m[K/opt/ros/kinetic/include/tf2_ros/transform_listener.h:[m[K In copy constructor ‘[01m[Ktf2_ros::TransformListener::TransformListener(tf2_ros::TransformListener&)[m[K’:
[01m[K/opt/ros/kinetic/include/tf2_ros/transform_listener.h:48:7:[m[K [01;36m[Knote: [m[Ksynthesized method ‘[01m[Kros::CallbackQueue::CallbackQueue(ros::CallbackQueue&)[m[K’ first required here 
 class TransformListener
[01;32m[K       ^[m[K
In file included from [01m[K/home/users/fri/matthew_ws/catkin_ws/src/hw5/include/hw5/NavPR.h:6:0[m[K,
                 from [01m[K/home/users/fri/matthew_ws/catkin_ws/src/hw5/src/NavPR.cpp:1[m[K:
[01m[K/opt/ros/kinetic/include/tf/transform_listener.h:[m[K In copy constructor ‘[01m[Ktf::TransformListener::TransformListener(tf::TransformListener&)[m[K’:
[01m[K/opt/ros/kinetic/include/tf/transform_listener.h:69:7:[m[K [01;36m[Knote: [m[Ksynthesized method ‘[01m[Ktf2_ros::TransformListener::TransformListener(tf2_ros::TransformListener&)[m[K’ first required here 
 class TransformListener : public Transformer { //subscribes to message and automatically stores incoming data
[01;32m[K       ^[m[K
[01m[K/home/users/fri/matthew_ws/catkin_ws/src/hw5/src/NavPR.cpp:[m[K In constructor ‘[01m[KNavPR::NavPR(tf::TransformListener&, MoveBaseClient&)[m[K’:
[01m[K/home/users/fri/matthew_ws/catkin_ws/src/hw5/src/NavPR.cpp:5:86:[m[K [01;36m[Knote: [m[Ksynthesized method ‘[01m[Ktf::TransformListener::TransformListener(tf::TransformListener&)[m[K’ first required here 
 NavPR::NavPR(tf::TransformListener &tf, MoveBaseClient &ac) : listener(tf), client(ac) {
[01;32m[K                                                                                      ^[m[K
In file included from [01m[K/usr/include/boost/thread/lock_guard.hpp:11:0[m[K,
                 from [01m[K/usr/include/boost/thread/pthread/thread_data.hpp:11[m[K,
                 from [01m[K/usr/include/boost/thread/pthread/condition_variable.hpp:12[m[K,
                 from [01m[K/usr/include/boost/thread/condition_variable.hpp:16[m[K,
                 from [01m[K/usr/include/boost/thread/condition.hpp:13[m[K,
                 from [01m[K/opt/ros/kinetic/include/actionlib/client/simple_action_client.h:38[m[K,
                 from [01m[K/home/users/fri/matthew_ws/catkin_ws/src/hw5/include/hw5/NavPR.h:2[m[K,
                 from [01m[K/home/users/fri/matthew_ws/catkin_ws/src/hw5/src/NavPR.cpp:1[m[K:
[01m[K/usr/include/boost/thread/pthread/condition_variable.hpp:[m[K In copy constructor ‘[01m[Kactionlib::SimpleActionClient<move_base_msgs::MoveBaseAction_<std::allocator<void> > >::SimpleActionClient(actionlib::SimpleActionClient<move_base_msgs::MoveBaseAction_<std::allocator<void> > >&)[m[K’:
[01m[K/usr/include/boost/thread/pthread/condition_variable.hpp:151:9:[m[K [01;31m[Kerror: [m[K‘[01m[Kboost::condition_variable_any::condition_variable_any(boost::condition_variable_any&)[m[K’ is private
         BOOST_THREAD_NO_COPYABLE(condition_variable_any)
[01;32m[K         ^[m[K
In file included from [01m[K/home/users/fri/matthew_ws/catkin_ws/src/hw5/include/hw5/NavPR.h:2:0[m[K,
                 from [01m[K/home/users/fri/matthew_ws/catkin_ws/src/hw5/src/NavPR.cpp:1[m[K:
[01m[K/opt/ros/kinetic/include/actionlib/client/simple_action_client.h:72:7:[m[K [01;31m[Kerror: [m[Kwithin this context
 class SimpleActionClient
[01;32m[K       ^[m[K
In file included from [01m[K/usr/include/boost/thread/lock_guard.hpp:11:0[m[K,
                 from [01m[K/usr/include/boost/thread/pthread/thread_data.hpp:11[m[K,
                 from [01m[K/usr/include/boost/thread/pthread/condition_variable.hpp:12[m[K,
                 from [01m[K/usr/include/boost/thread/condition_variable.hpp:16[m[K,
                 from [01m[K/usr/include/boost/thread/condition.hpp:13[m[K,
                 from [01m[K/opt/ros/kinetic/include/actionlib/client/simple_action_client.h:38[m[K,
                 from [01m[K/home/users/fri/matthew_ws/catkin_ws/src/hw5/include/hw5/NavPR.h:2[m[K,
                 from [01m[K/home/users/fri/matthew_ws/catkin_ws/src/hw5/src/NavPR.cpp:1[m[K:
[01m[K/usr/include/boost/thread/pthread/mutex.hpp:97:9:[m[K [01;31m[Kerror: [m[K‘[01m[Kboost::mutex::mutex(boost::mutex&)[m[K’ is private
         BOOST_THREAD_NO_COPYABLE(mutex)
[01;32m[K         ^[m[K
In file included from [01m[K/home/users/fri/matthew_ws/catkin_ws/src/hw5/include/hw5/NavPR.h:2:0[m[K,
                 from [01m[K/home/users/fri/matthew_ws/catkin_ws/src/hw5/src/NavPR.cpp:1[m[K:
[01m[K/opt/ros/kinetic/include/actionlib/client/simple_action_client.h:72:7:[m[K [01;31m[Kerror: [m[Kwithin this context
 class SimpleActionClient
[01;32m[K       ^[m[K
In file included from [01m[K/usr/include/boost/thread/lock_guard.hpp:11:0[m[K,
                 from [01m[K/usr/include/boost/thread/pthread/thread_data.hpp:11[m[K,
                 from [01m[K/usr/include/boost/thread/pthread/condition_variable.hpp:12[m[K,
                 from [01m[K/usr/include/boost/thread/condition_variable.hpp:16[m[K,
                 from [01m[K/usr/include/boost/thread/condition.hpp:13[m[K,
                 from [01m[K/opt/ros/kinetic/include/actionlib/client/simple_action_client.h:38[m[K,
                 from [01m[K/home/users/fri/matthew_ws/catkin_ws/src/hw5/include/hw5/NavPR.h:2[m[K,
                 from [01m[K/home/users/fri/matthew_ws/catkin_ws/src/hw5/src/NavPR.cpp:1[m[K:
[01m[K/usr/include/boost/thread/pthread/mutex.hpp:97:9:[m[K [01;31m[Kerror: [m[K‘[01m[Kboost::mutex::mutex(boost::mutex&)[m[K’ is private
         BOOST_THREAD_NO_COPYABLE(mutex)
[01;32m[K         ^[m[K
In file included from [01m[K/home/users/fri/matthew_ws/catkin_ws/src/hw5/include/hw5/NavPR.h:2:0[m[K,
                 from [01m[K/home/users/fri/matthew_ws/catkin_ws/src/hw5/src/NavPR.cpp:1[m[K:
[01m[K/opt/ros/kinetic/include/actionlib/client/simple_action_client.h:72:7:[m[K [01;31m[Kerror: [m[Kwithin this context
 class SimpleActionClient
[01;32m[K       ^[m[K
In file included from [01m[K/usr/include/boost/scoped_ptr.hpp:14:0[m[K,
                 from [01m[K/opt/ros/kinetic/include/actionlib/client/simple_action_client.h:40[m[K,
                 from [01m[K/home/users/fri/matthew_ws/catkin_ws/src/hw5/include/hw5/NavPR.h:2[m[K,
                 from [01m[K/home/users/fri/matthew_ws/catkin_ws/src/hw5/src/NavPR.cpp:1[m[K:
[01m[K/usr/include/boost/smart_ptr/scoped_ptr.hpp:47:5:[m[K [01;31m[Kerror: [m[K‘[01m[Kboost::scoped_ptr<T>::scoped_ptr(const boost::scoped_ptr<T>&) [with T = actionlib::ActionClient<move_base_msgs::MoveBaseAction_<std::allocator<void> > >][m[K’ is private
     scoped_ptr(scoped_ptr const &);
[01;32m[K     ^[m[K
In file included from [01m[K/home/users/fri/matthew_ws/catkin_ws/src/hw5/include/hw5/NavPR.h:2:0[m[K,
                 from [01m[K/home/users/fri/matthew_ws/catkin_ws/src/hw5/src/NavPR.cpp:1[m[K:
[01m[K/opt/ros/kinetic/include/actionlib/client/simple_action_client.h:72:7:[m[K [01;31m[Kerror: [m[Kwithin this context
 class SimpleActionClient
[01;32m[K       ^[m[K
[01m[K/home/users/fri/matthew_ws/catkin_ws/src/hw5/src/NavPR.cpp:[m[K In constructor ‘[01m[KNavPR::NavPR(tf::TransformListener&, MoveBaseClient&)[m[K’:
[01m[K/home/users/fri/matthew_ws/catkin_ws/src/hw5/src/NavPR.cpp:5:86:[m[K [01;36m[Knote: [m[Ksynthesized method ‘[01m[Kactionlib::SimpleActionClient<move_base_msgs::MoveBaseAction_<std::allocator<void> > >::SimpleActionClient(actionlib::SimpleActionClient<move_base_msgs::MoveBaseAction_<std::allocator<void> > >&)[m[K’ first required here 
 NavPR::NavPR(tf::TransformListener &tf, MoveBaseClient &ac) : listener(tf), client(ac) {
[01;32m[K                                                                                      ^[m[K
[01m[K/home/users/fri/matthew_ws/catkin_ws/src/hw5/src/NavPR.cpp:[m[K In member function ‘[01m[Kvirtual void NavPR::receivePose(geometry_msgs::Pose&)[m[K’:
[01m[K/home/users/fri/matthew_ws/catkin_ws/src/hw5/src/NavPR.cpp:18:30:[m[K [01;35m[Kwarning: [m[K‘[01m[Ktf::Quaternion::Quaternion(const tfScalar&, const tfScalar&, const tfScalar&)[m[K’ is deprecated [-Wdeprecated-declarations]
  tf::Quaternion rpy(0, 0, yaw);
[01;32m[K                              ^[m[K
In file included from [01m[K/opt/ros/kinetic/include/tf/LinearMath/Matrix3x3.h:20:0[m[K,
                 from [01m[K/opt/ros/kinetic/include/tf/LinearMath/Transform.h:21[m[K,
                 from [01m[K/opt/ros/kinetic/include/tf/transform_datatypes.h:41[m[K,
                 from [01m[K/opt/ros/kinetic/include/tf/time_cache.h:38[m[K,
                 from [01m[K/opt/ros/kinetic/include/tf/tf.h:43[m[K,
                 from [01m[K/home/users/fri/matthew_ws/catkin_ws/src/hw5/include/hw5/NavPR.h:5[m[K,
                 from [01m[K/home/users/fri/matthew_ws/catkin_ws/src/hw5/src/NavPR.cpp:1[m[K:
[01m[K/opt/ros/kinetic/include/tf/LinearMath/Quaternion.h:51:3:[m[K [01;36m[Knote: [m[Kdeclared here
   Quaternion(const tfScalar& yaw, const tfScalar& pitch, const tfScalar& roll) __attribute__((deprecated))
[01;32m[K   ^[m[K
make[2]: *** [CMakeFiles/hw5_node.dir/src/NavPR.cpp.o] Error 1
make[1]: *** [CMakeFiles/hw5_node.dir/all] Error 2
make[1]: *** Waiting for unfinished jobs....
make[2]: *** [CMakeFiles/hw5_nav_node.dir/src/hw5_nav_node.cpp.o] Error 1
make[2]: *** Waiting for unfinished jobs....
make[2]: *** [CMakeFiles/hw5_nav_node.dir/src/NavPR.cpp.o] Error 1
make[1]: *** [CMakeFiles/hw5_nav_node.dir/all] Error 2
make: *** [all] Error 2
