[01m[K/home/users/fri/matthew_ws/catkin_ws/src/hw5/src/NavPR.cpp:[m[K In constructor ‘[01m[KNavPR::NavPR(MoveBaseClient&)[m[K’:
[01m[K/home/users/fri/matthew_ws/catkin_ws/src/hw5/src/NavPR.cpp:6:46:[m[K [01;31m[Kerror: [m[Kno matching function for call to ‘[01m[Kactionlib::SimpleActionClient<move_base_msgs::MoveBaseAction_<std::allocator<void> > >::SimpleActionClient(MoveBaseClient*)[m[K’
 NavPR::NavPR(MoveBaseClient &ac) : client(&ac) {
[01;32m[K                                              ^[m[K
In file included from [01m[K/home/users/fri/matthew_ws/catkin_ws/src/hw5/include/hw5/NavPR.h:2:0[m[K,
                 from [01m[K/home/users/fri/matthew_ws/catkin_ws/src/hw5/src/NavPR.cpp:1[m[K:
[01m[K/opt/ros/kinetic/include/actionlib/client/simple_action_client.h:109:3:[m[K [01;36m[Knote: [m[Kcandidate: actionlib::SimpleActionClient<ActionSpec>::SimpleActionClient(ros::NodeHandle&, const string&, bool) [with ActionSpec = move_base_msgs::MoveBaseAction_<std::allocator<void> >; std::__cxx11::string = std::__cxx11::basic_string<char>]
   SimpleActionClient(ros::NodeHandle & n, const std::string & name, bool spin_thread = true)
[01;32m[K   ^[m[K
[01m[K/opt/ros/kinetic/include/actionlib/client/simple_action_client.h:109:3:[m[K [01;36m[Knote: [m[K  candidate expects 3 arguments, 1 provided
[01m[K/opt/ros/kinetic/include/actionlib/client/simple_action_client.h:93:3:[m[K [01;36m[Knote: [m[Kcandidate: actionlib::SimpleActionClient<ActionSpec>::SimpleActionClient(const string&, bool) [with ActionSpec = move_base_msgs::MoveBaseAction_<std::allocator<void> >; std::__cxx11::string = std::__cxx11::basic_string<char>]
   SimpleActionClient(const std::string & name, bool spin_thread = true)
[01;32m[K   ^[m[K
[01m[K/opt/ros/kinetic/include/actionlib/client/simple_action_client.h:93:3:[m[K [01;36m[Knote: [m[K  no known conversion for argument 1 from ‘[01m[KMoveBaseClient* {aka actionlib::SimpleActionClient<move_base_msgs::MoveBaseAction_<std::allocator<void> > >*}[m[K’ to ‘[01m[Kconst string& {aka const std::__cxx11::basic_string<char>&}[m[K’
[01m[K/opt/ros/kinetic/include/actionlib/client/simple_action_client.h:72:7:[m[K [01;36m[Knote: [m[Kcandidate: actionlib::SimpleActionClient<move_base_msgs::MoveBaseAction_<std::allocator<void> > >::SimpleActionClient(actionlib::SimpleActionClient<move_base_msgs::MoveBaseAction_<std::allocator<void> > >&)
 class SimpleActionClient
[01;32m[K       ^[m[K
[01m[K/opt/ros/kinetic/include/actionlib/client/simple_action_client.h:72:7:[m[K [01;36m[Knote: [m[K  no known conversion for argument 1 from ‘[01m[KMoveBaseClient* {aka actionlib::SimpleActionClient<move_base_msgs::MoveBaseAction_<std::allocator<void> > >*}[m[K’ to ‘[01m[Kactionlib::SimpleActionClient<move_base_msgs::MoveBaseAction_<std::allocator<void> > >&[m[K’
[01m[K/home/users/fri/matthew_ws/catkin_ws/src/hw5/src/NavPR.cpp:[m[K In member function ‘[01m[Kvirtual void NavPR::receivePose(geometry_msgs::Pose&)[m[K’:
[01m[K/home/users/fri/matthew_ws/catkin_ws/src/hw5/src/NavPR.cpp:18:36:[m[K [01;35m[Kwarning: [m[K‘[01m[Ktf::Quaternion::Quaternion(const tfScalar&, const tfScalar&, const tfScalar&)[m[K’ is deprecated [-Wdeprecated-declarations]
  tf::Quaternion rpy(0, 0, 0.5 * yaw);
[01;32m[K                                    ^[m[K
In file included from [01m[K/opt/ros/kinetic/include/tf/LinearMath/Matrix3x3.h:20:0[m[K,
                 from [01m[K/opt/ros/kinetic/include/tf/LinearMath/Transform.h:21[m[K,
                 from [01m[K/opt/ros/kinetic/include/tf/transform_datatypes.h:41[m[K,
                 from [01m[K/opt/ros/kinetic/include/tf/time_cache.h:38[m[K,
                 from [01m[K/opt/ros/kinetic/include/tf/tf.h:43[m[K,
                 from [01m[K/home/users/fri/matthew_ws/catkin_ws/src/hw5/include/hw5/NavPR.h:5[m[K,
                 from [01m[K/home/users/fri/matthew_ws/catkin_ws/src/hw5/src/NavPR.cpp:1[m[K:
[01m[K/opt/ros/kinetic/include/tf/LinearMath/Quaternion.h:51:3:[m[K [01;36m[Knote: [m[Kdeclared here
   Quaternion(const tfScalar& yaw, const tfScalar& pitch, const tfScalar& roll) __attribute__((deprecated))
[01;32m[K   ^[m[K
[01m[K/home/users/fri/matthew_ws/catkin_ws/src/hw5/src/NavPR.cpp:42:9:[m[K [01;31m[Kerror: [m[Kbase operand of ‘[01m[K->[m[K’ has non-pointer type ‘[01m[KMoveBaseClient {aka actionlib::SimpleActionClient<move_base_msgs::MoveBaseAction_<std::allocator<void> > >}[m[K’
   client->sendGoal(goal);
[01;32m[K         ^[m[K
[01m[K/home/users/fri/matthew_ws/catkin_ws/src/hw5/src/NavPR.cpp:43:9:[m[K [01;31m[Kerror: [m[Kbase operand of ‘[01m[K->[m[K’ has non-pointer type ‘[01m[KMoveBaseClient {aka actionlib::SimpleActionClient<move_base_msgs::MoveBaseAction_<std::allocator<void> > >}[m[K’
   client->waitForResult();
[01;32m[K         ^[m[K
[01m[K/home/users/fri/matthew_ws/catkin_ws/src/hw5/src/NavPR.cpp:[m[K In constructor ‘[01m[KNavPR::NavPR(MoveBaseClient&)[m[K’:
[01m[K/home/users/fri/matthew_ws/catkin_ws/src/hw5/src/NavPR.cpp:6:46:[m[K [01;31m[Kerror: [m[Kno matching function for call to ‘[01m[Kactionlib::SimpleActionClient<move_base_msgs::MoveBaseAction_<std::allocator<void> > >::SimpleActionClient(MoveBaseClient*)[m[K’
 NavPR::NavPR(MoveBaseClient &ac) : client(&ac) {
[01;32m[K                                              ^[m[K
In file included from [01m[K/home/users/fri/matthew_ws/catkin_ws/src/hw5/include/hw5/NavPR.h:2:0[m[K,
                 from [01m[K/home/users/fri/matthew_ws/catkin_ws/src/hw5/src/NavPR.cpp:1[m[K:
[01m[K/opt/ros/kinetic/include/actionlib/client/simple_action_client.h:109:3:[m[K [01;36m[Knote: [m[Kcandidate: actionlib::SimpleActionClient<ActionSpec>::SimpleActionClient(ros::NodeHandle&, const string&, bool) [with ActionSpec = move_base_msgs::MoveBaseAction_<std::allocator<void> >; std::__cxx11::string = std::__cxx11::basic_string<char>]
   SimpleActionClient(ros::NodeHandle & n, const std::string & name, bool spin_thread = true)
[01;32m[K   ^[m[K
[01m[K/opt/ros/kinetic/include/actionlib/client/simple_action_client.h:109:3:[m[K [01;36m[Knote: [m[K  candidate expects 3 arguments, 1 provided
[01m[K/opt/ros/kinetic/include/actionlib/client/simple_action_client.h:93:3:[m[K [01;36m[Knote: [m[Kcandidate: actionlib::SimpleActionClient<ActionSpec>::SimpleActionClient(const string&, bool) [with ActionSpec = move_base_msgs::MoveBaseAction_<std::allocator<void> >; std::__cxx11::string = std::__cxx11::basic_string<char>]
   SimpleActionClient(const std::string & name, bool spin_thread = true)
[01;32m[K   ^[m[K
[01m[K/opt/ros/kinetic/include/actionlib/client/simple_action_client.h:93:3:[m[K [01;36m[Knote: [m[K  no known conversion for argument 1 from ‘[01m[KMoveBaseClient* {aka actionlib::SimpleActionClient<move_base_msgs::MoveBaseAction_<std::allocator<void> > >*}[m[K’ to ‘[01m[Kconst string& {aka const std::__cxx11::basic_string<char>&}[m[K’
[01m[K/opt/ros/kinetic/include/actionlib/client/simple_action_client.h:72:7:[m[K [01;36m[Knote: [m[Kcandidate: actionlib::SimpleActionClient<move_base_msgs::MoveBaseAction_<std::allocator<void> > >::SimpleActionClient(actionlib::SimpleActionClient<move_base_msgs::MoveBaseAction_<std::allocator<void> > >&)
 class SimpleActionClient
[01;32m[K       ^[m[K
[01m[K/opt/ros/kinetic/include/actionlib/client/simple_action_client.h:72:7:[m[K [01;36m[Knote: [m[K  no known conversion for argument 1 from ‘[01m[KMoveBaseClient* {aka actionlib::SimpleActionClient<move_base_msgs::MoveBaseAction_<std::allocator<void> > >*}[m[K’ to ‘[01m[Kactionlib::SimpleActionClient<move_base_msgs::MoveBaseAction_<std::allocator<void> > >&[m[K’
[01m[K/home/users/fri/matthew_ws/catkin_ws/src/hw5/src/NavPR.cpp:[m[K In member function ‘[01m[Kvirtual void NavPR::receivePose(geometry_msgs::Pose&)[m[K’:
[01m[K/home/users/fri/matthew_ws/catkin_ws/src/hw5/src/NavPR.cpp:18:36:[m[K [01;35m[Kwarning: [m[K‘[01m[Ktf::Quaternion::Quaternion(const tfScalar&, const tfScalar&, const tfScalar&)[m[K’ is deprecated [-Wdeprecated-declarations]
  tf::Quaternion rpy(0, 0, 0.5 * yaw);
[01;32m[K                                    ^[m[K
In file included from [01m[K/opt/ros/kinetic/include/tf/LinearMath/Matrix3x3.h:20:0[m[K,
                 from [01m[K/opt/ros/kinetic/include/tf/LinearMath/Transform.h:21[m[K,
                 from [01m[K/opt/ros/kinetic/include/tf/transform_datatypes.h:41[m[K,
                 from [01m[K/opt/ros/kinetic/include/tf/time_cache.h:38[m[K,
                 from [01m[K/opt/ros/kinetic/include/tf/tf.h:43[m[K,
                 from [01m[K/home/users/fri/matthew_ws/catkin_ws/src/hw5/include/hw5/NavPR.h:5[m[K,
                 from [01m[K/home/users/fri/matthew_ws/catkin_ws/src/hw5/src/NavPR.cpp:1[m[K:
[01m[K/opt/ros/kinetic/include/tf/LinearMath/Quaternion.h:51:3:[m[K [01;36m[Knote: [m[Kdeclared here
   Quaternion(const tfScalar& yaw, const tfScalar& pitch, const tfScalar& roll) __attribute__((deprecated))
[01;32m[K   ^[m[K
[01m[K/home/users/fri/matthew_ws/catkin_ws/src/hw5/src/NavPR.cpp:42:9:[m[K [01;31m[Kerror: [m[Kbase operand of ‘[01m[K->[m[K’ has non-pointer type ‘[01m[KMoveBaseClient {aka actionlib::SimpleActionClient<move_base_msgs::MoveBaseAction_<std::allocator<void> > >}[m[K’
   client->sendGoal(goal);
[01;32m[K         ^[m[K
[01m[K/home/users/fri/matthew_ws/catkin_ws/src/hw5/src/NavPR.cpp:43:9:[m[K [01;31m[Kerror: [m[Kbase operand of ‘[01m[K->[m[K’ has non-pointer type ‘[01m[KMoveBaseClient {aka actionlib::SimpleActionClient<move_base_msgs::MoveBaseAction_<std::allocator<void> > >}[m[K’
   client->waitForResult();
[01;32m[K         ^[m[K
[01m[K/home/users/fri/matthew_ws/catkin_ws/src/hw5/src/hw5_nav_node.cpp:[m[K In function ‘[01m[Kint main(int, char**)[m[K’:
[01m[K/home/users/fri/matthew_ws/catkin_ws/src/hw5/src/hw5_nav_node.cpp:41:18:[m[K [01;31m[Kerror: [m[Kno matching function for call to ‘[01m[KNavPR::NavPR(MoveBaseClient*)[m[K’
   NavPR navPR(&ac);
[01;32m[K                  ^[m[K
In file included from [01m[K/home/users/fri/matthew_ws/catkin_ws/src/hw5/src/hw5_nav_node.cpp:8:0[m[K:
[01m[K/home/users/fri/matthew_ws/catkin_ws/src/hw5/include/hw5/NavPR.h:12:3:[m[K [01;36m[Knote: [m[Kcandidate: NavPR::NavPR(MoveBaseClient&)
   NavPR(MoveBaseClient &ac);
[01;32m[K   ^[m[K
[01m[K/home/users/fri/matthew_ws/catkin_ws/src/hw5/include/hw5/NavPR.h:12:3:[m[K [01;36m[Knote: [m[K  no known conversion for argument 1 from ‘[01m[KMoveBaseClient* {aka actionlib::SimpleActionClient<move_base_msgs::MoveBaseAction_<std::allocator<void> > >*}[m[K’ to ‘[01m[KMoveBaseClient& {aka actionlib::SimpleActionClient<move_base_msgs::MoveBaseAction_<std::allocator<void> > >&}[m[K’
[01m[K/home/users/fri/matthew_ws/catkin_ws/src/hw5/include/hw5/NavPR.h:10:7:[m[K [01;36m[Knote: [m[Kcandidate: NavPR::NavPR(NavPR&)
 class NavPR : public PoseRecipient {
[01;32m[K       ^[m[K
[01m[K/home/users/fri/matthew_ws/catkin_ws/src/hw5/include/hw5/NavPR.h:10:7:[m[K [01;36m[Knote: [m[K  no known conversion for argument 1 from ‘[01m[KMoveBaseClient* {aka actionlib::SimpleActionClient<move_base_msgs::MoveBaseAction_<std::allocator<void> > >*}[m[K’ to ‘[01m[KNavPR&[m[K’
make[2]: *** [CMakeFiles/hw5_nav_node.dir/src/NavPR.cpp.o] Error 1
make[2]: *** Waiting for unfinished jobs....
make[2]: *** [CMakeFiles/hw5_node.dir/src/NavPR.cpp.o] Error 1
make[2]: *** Waiting for unfinished jobs....
make[1]: *** [CMakeFiles/hw5_node.dir/all] Error 2
make[1]: *** Waiting for unfinished jobs....
make[2]: *** [CMakeFiles/hw5_nav_node.dir/src/hw5_nav_node.cpp.o] Error 1
make[1]: *** [CMakeFiles/hw5_nav_node.dir/all] Error 2
make: *** [all] Error 2
