[01m[K/home/users/fri/matthew_ws/catkin_ws/src/hw5/src/rso.cpp:[m[K In function ‘[01m[Kvoid navCallback()[m[K’:
[01m[K/home/users/fri/matthew_ws/catkin_ws/src/hw5/src/rso.cpp:15:23:[m[K [01;31m[Kerror: [m[K‘[01m[Kdoors[m[K’ was not declared in this scope
     string location = doors.front();
[01;32m[K                       ^[m[K
[01m[K/home/users/fri/matthew_ws/catkin_ws/src/hw5/src/rso.cpp:32:5:[m[K [01;31m[Kerror: [m[K‘[01m[Kclient[m[K’ was not declared in this scope
     client.sendGoalAndWait(goal);
[01;32m[K     ^[m[K
[01m[K/home/users/fri/matthew_ws/catkin_ws/src/hw5/src/rso.cpp:[m[K In function ‘[01m[Kint main(int, char**)[m[K’:
[01m[K/home/users/fri/matthew_ws/catkin_ws/src/hw5/src/rso.cpp:76:3:[m[K [01;31m[Kerror: [m[K‘[01m[Kqueue[m[K’ is not a member of ‘[01m[Kstd[m[K’
   std::queue<string> doors;
[01;32m[K   ^[m[K
[01m[K/home/users/fri/matthew_ws/catkin_ws/src/hw5/src/rso.cpp:76:20:[m[K [01;31m[Kerror: [m[Kexpected primary-expression before ‘[01m[K>[m[K’ token
   std::queue<string> doors;
[01;32m[K                    ^[m[K
[01m[K/home/users/fri/matthew_ws/catkin_ws/src/hw5/src/rso.cpp:76:22:[m[K [01;31m[Kerror: [m[K‘[01m[Kdoors[m[K’ was not declared in this scope
   std::queue<string> doors;
[01;32m[K                      ^[m[K
[01m[K/home/users/fri/matthew_ws/catkin_ws/src/hw5/src/rso.cpp:83:37:[m[K [01;31m[Kerror: [m[K‘[01m[KString[m[K’ is not a member of ‘[01m[Kstd_msgs[m[K’
   ros::Subscriber sub = n.subscribe<std_msgs::String>("/roomNumber",100, navCallback);
[01;32m[K                                     ^[m[K
[01m[K/home/users/fri/matthew_ws/catkin_ws/src/hw5/src/rso.cpp:83:37:[m[K [01;31m[Kerror: [m[K‘[01m[KString[m[K’ is not a member of ‘[01m[Kstd_msgs[m[K’
[01m[K/home/users/fri/matthew_ws/catkin_ws/src/hw5/src/rso.cpp:83:85:[m[K [01;31m[Kerror: [m[Kno matching function for call to ‘[01m[Kros::NodeHandle::subscribe(const char [12], int, void (&)())[m[K’
   ros::Subscriber sub = n.subscribe<std_msgs::String>("/roomNumber",100, navCallback);
[01;32m[K                                                                                     ^[m[K
In file included from [01m[K/opt/ros/kinetic/include/ros/ros.h:45:0[m[K,
                 from [01m[K/home/users/fri/matthew_ws/catkin_ws/src/hw5/src/rso.cpp:1[m[K:
[01m[K/opt/ros/kinetic/include/ros/node_handle.h:402:14:[m[K [01;36m[Knote: [m[Kcandidate: template<class M, class T> ros::Subscriber ros::NodeHandle::subscribe(const string&, uint32_t, void (T::*)(M), T*, const ros::TransportHints&)
   Subscriber subscribe(const std::string& topic, uint32_t queue_size, void(T::*fp)(M), T* obj, 
[01;32m[K              ^[m[K
[01m[K/opt/ros/kinetic/include/ros/node_handle.h:402:14:[m[K [01;36m[Knote: [m[K  template argument deduction/substitution failed:
[01m[K/home/users/fri/matthew_ws/catkin_ws/src/hw5/src/rso.cpp:83:85:[m[K [01;31m[Kerror: [m[Ktemplate argument 1 is invalid
   ros::Subscriber sub = n.subscribe<std_msgs::String>("/roomNumber",100, navCallback);
[01;32m[K                                                                                     ^[m[K
In file included from [01m[K/opt/ros/kinetic/include/ros/ros.h:45:0[m[K,
                 from [01m[K/home/users/fri/matthew_ws/catkin_ws/src/hw5/src/rso.cpp:1[m[K:
[01m[K/opt/ros/kinetic/include/ros/node_handle.h:413:14:[m[K [01;36m[Knote: [m[Kcandidate: template<class M, class T> ros::Subscriber ros::NodeHandle::subscribe(const string&, uint32_t, void (T::*)(M) const, T*, const ros::TransportHints&)
   Subscriber subscribe(const std::string& topic, uint32_t queue_size, void(T::*fp)(M) const, T* obj, 
[01;32m[K              ^[m[K
[01m[K/opt/ros/kinetic/include/ros/node_handle.h:413:14:[m[K [01;36m[Knote: [m[K  template argument deduction/substitution failed:
[01m[K/home/users/fri/matthew_ws/catkin_ws/src/hw5/src/rso.cpp:83:85:[m[K [01;31m[Kerror: [m[Ktemplate argument 1 is invalid
   ros::Subscriber sub = n.subscribe<std_msgs::String>("/roomNumber",100, navCallback);
[01;32m[K                                                                                     ^[m[K
In file included from [01m[K/opt/ros/kinetic/include/ros/ros.h:45:0[m[K,
                 from [01m[K/home/users/fri/matthew_ws/catkin_ws/src/hw5/src/rso.cpp:1[m[K:
[01m[K/opt/ros/kinetic/include/ros/node_handle.h:465:14:[m[K [01;36m[Knote: [m[Kcandidate: template<class M, class T> ros::Subscriber ros::NodeHandle::subscribe(const string&, uint32_t, void (T::*)(const boost::shared_ptr<const M>&), T*, const ros::TransportHints&)
   Subscriber subscribe(const std::string& topic, uint32_t queue_size, 
[01;32m[K              ^[m[K
[01m[K/opt/ros/kinetic/include/ros/node_handle.h:465:14:[m[K [01;36m[Knote: [m[K  template argument deduction/substitution failed:
[01m[K/home/users/fri/matthew_ws/catkin_ws/src/hw5/src/rso.cpp:83:85:[m[K [01;31m[Kerror: [m[Ktemplate argument 1 is invalid
   ros::Subscriber sub = n.subscribe<std_msgs::String>("/roomNumber",100, navCallback);
[01;32m[K                                                                                     ^[m[K
In file included from [01m[K/opt/ros/kinetic/include/ros/ros.h:45:0[m[K,
                 from [01m[K/home/users/fri/matthew_ws/catkin_ws/src/hw5/src/rso.cpp:1[m[K:
[01m[K/opt/ros/kinetic/include/ros/node_handle.h:475:14:[m[K [01;36m[Knote: [m[Kcandidate: template<class M, class T> ros::Subscriber ros::NodeHandle::subscribe(const string&, uint32_t, void (T::*)(const boost::shared_ptr<const M>&) const, T*, const ros::TransportHints&)
   Subscriber subscribe(const std::string& topic, uint32_t queue_size, 
[01;32m[K              ^[m[K
[01m[K/opt/ros/kinetic/include/ros/node_handle.h:475:14:[m[K [01;36m[Knote: [m[K  template argument deduction/substitution failed:
[01m[K/home/users/fri/matthew_ws/catkin_ws/src/hw5/src/rso.cpp:83:85:[m[K [01;31m[Kerror: [m[Ktemplate argument 1 is invalid
   ros::Subscriber sub = n.subscribe<std_msgs::String>("/roomNumber",100, navCallback);
[01;32m[K                                                                                     ^[m[K
In file included from [01m[K/opt/ros/kinetic/include/ros/ros.h:45:0[m[K,
                 from [01m[K/home/users/fri/matthew_ws/catkin_ws/src/hw5/src/rso.cpp:1[m[K:
[01m[K/opt/ros/kinetic/include/ros/node_handle.h:529:14:[m[K [01;36m[Knote: [m[Kcandidate: template<class M, class T> ros::Subscriber ros::NodeHandle::subscribe(const string&, uint32_t, void (T::*)(M), const boost::shared_ptr<U>&, const ros::TransportHints&)
   Subscriber subscribe(const std::string& topic, uint32_t queue_size, void(T::*fp)(M), 
[01;32m[K              ^[m[K
[01m[K/opt/ros/kinetic/include/ros/node_handle.h:529:14:[m[K [01;36m[Knote: [m[K  template argument deduction/substitution failed:
[01m[K/home/users/fri/matthew_ws/catkin_ws/src/hw5/src/rso.cpp:83:85:[m[K [01;31m[Kerror: [m[Ktemplate argument 1 is invalid
   ros::Subscriber sub = n.subscribe<std_msgs::String>("/roomNumber",100, navCallback);
[01;32m[K                                                                                     ^[m[K
In file included from [01m[K/opt/ros/kinetic/include/ros/ros.h:45:0[m[K,
                 from [01m[K/home/users/fri/matthew_ws/catkin_ws/src/hw5/src/rso.cpp:1[m[K:
[01m[K/opt/ros/kinetic/include/ros/node_handle.h:540:14:[m[K [01;36m[Knote: [m[Kcandidate: template<class M, class T> ros::Subscriber ros::NodeHandle::subscribe(const string&, uint32_t, void (T::*)(M) const, const boost::shared_ptr<U>&, const ros::TransportHints&)
   Subscriber subscribe(const std::string& topic, uint32_t queue_size, void(T::*fp)(M) const, 
[01;32m[K              ^[m[K
[01m[K/opt/ros/kinetic/include/ros/node_handle.h:540:14:[m[K [01;36m[Knote: [m[K  template argument deduction/substitution failed:
[01m[K/home/users/fri/matthew_ws/catkin_ws/src/hw5/src/rso.cpp:83:85:[m[K [01;31m[Kerror: [m[Ktemplate argument 1 is invalid
   ros::Subscriber sub = n.subscribe<std_msgs::String>("/roomNumber",100, navCallback);
[01;32m[K                                                                                     ^[m[K
In file included from [01m[K/opt/ros/kinetic/include/ros/ros.h:45:0[m[K,
                 from [01m[K/home/users/fri/matthew_ws/catkin_ws/src/hw5/src/rso.cpp:1[m[K:
[01m[K/opt/ros/kinetic/include/ros/node_handle.h:594:14:[m[K [01;36m[Knote: [m[Kcandidate: template<class M, class T> ros::Subscriber ros::NodeHandle::subscribe(const string&, uint32_t, void (T::*)(const boost::shared_ptr<const M>&), const boost::shared_ptr<U>&, const ros::TransportHints&)
   Subscriber subscribe(const std::string& topic, uint32_t queue_size, 
[01;32m[K              ^[m[K
[01m[K/opt/ros/kinetic/include/ros/node_handle.h:594:14:[m[K [01;36m[Knote: [m[K  template argument deduction/substitution failed:
[01m[K/home/users/fri/matthew_ws/catkin_ws/src/hw5/src/rso.cpp:83:85:[m[K [01;31m[Kerror: [m[Ktemplate argument 1 is invalid
   ros::Subscriber sub = n.subscribe<std_msgs::String>("/roomNumber",100, navCallback);
[01;32m[K                                                                                     ^[m[K
In file included from [01m[K/opt/ros/kinetic/include/ros/ros.h:45:0[m[K,
                 from [01m[K/home/users/fri/matthew_ws/catkin_ws/src/hw5/src/rso.cpp:1[m[K:
[01m[K/opt/ros/kinetic/include/ros/node_handle.h:605:14:[m[K [01;36m[Knote: [m[Kcandidate: template<class M, class T> ros::Subscriber ros::NodeHandle::subscribe(const string&, uint32_t, void (T::*)(const boost::shared_ptr<const M>&) const, const boost::shared_ptr<U>&, const ros::TransportHints&)
   Subscriber subscribe(const std::string& topic, uint32_t queue_size, 
[01;32m[K              ^[m[K
[01m[K/opt/ros/kinetic/include/ros/node_handle.h:605:14:[m[K [01;36m[Knote: [m[K  template argument deduction/substitution failed:
[01m[K/home/users/fri/matthew_ws/catkin_ws/src/hw5/src/rso.cpp:83:85:[m[K [01;31m[Kerror: [m[Ktemplate argument 1 is invalid
   ros::Subscriber sub = n.subscribe<std_msgs::String>("/roomNumber",100, navCallback);
[01;32m[K                                                                                     ^[m[K
In file included from [01m[K/opt/ros/kinetic/include/ros/ros.h:45:0[m[K,
                 from [01m[K/home/users/fri/matthew_ws/catkin_ws/src/hw5/src/rso.cpp:1[m[K:
[01m[K/opt/ros/kinetic/include/ros/node_handle.h:656:14:[m[K [01;36m[Knote: [m[Kcandidate: template<class M> ros::Subscriber ros::NodeHandle::subscribe(const string&, uint32_t, void (*)(M), const ros::TransportHints&)
   Subscriber subscribe(const std::string& topic, uint32_t queue_size, void(*fp)(M), const TransportHints& transport_hints = TransportHints())
[01;32m[K              ^[m[K
[01m[K/opt/ros/kinetic/include/ros/node_handle.h:656:14:[m[K [01;36m[Knote: [m[K  template argument deduction/substitution failed:
[01m[K/home/users/fri/matthew_ws/catkin_ws/src/hw5/src/rso.cpp:83:85:[m[K [01;31m[Kerror: [m[Ktemplate argument 1 is invalid
   ros::Subscriber sub = n.subscribe<std_msgs::String>("/roomNumber",100, navCallback);
[01;32m[K                                                                                     ^[m[K
In file included from [01m[K/opt/ros/kinetic/include/ros/ros.h:45:0[m[K,
                 from [01m[K/home/users/fri/matthew_ws/catkin_ws/src/hw5/src/rso.cpp:1[m[K:
[01m[K/opt/ros/kinetic/include/ros/node_handle.h:704:14:[m[K [01;36m[Knote: [m[Kcandidate: template<class M> ros::Subscriber ros::NodeHandle::subscribe(const string&, uint32_t, void (*)(const boost::shared_ptr<const M>&), const ros::TransportHints&)
   Subscriber subscribe(const std::string& topic, uint32_t queue_size, void(*fp)(const boost::shared_ptr<M const>&), const TransportHints& transport_hints = TransportHints())
[01;32m[K              ^[m[K
[01m[K/opt/ros/kinetic/include/ros/node_handle.h:704:14:[m[K [01;36m[Knote: [m[K  template argument deduction/substitution failed:
[01m[K/home/users/fri/matthew_ws/catkin_ws/src/hw5/src/rso.cpp:83:85:[m[K [01;31m[Kerror: [m[Ktemplate argument 1 is invalid
   ros::Subscriber sub = n.subscribe<std_msgs::String>("/roomNumber",100, navCallback);
[01;32m[K                                                                                     ^[m[K
In file included from [01m[K/opt/ros/kinetic/include/ros/ros.h:45:0[m[K,
                 from [01m[K/home/users/fri/matthew_ws/catkin_ws/src/hw5/src/rso.cpp:1[m[K:
[01m[K/opt/ros/kinetic/include/ros/node_handle.h:750:14:[m[K [01;36m[Knote: [m[Kcandidate: template<class M> ros::Subscriber ros::NodeHandle::subscribe(const string&, uint32_t, const boost::function<void(const boost::shared_ptr<const M>&)>&, const VoidConstPtr&, const ros::TransportHints&)
   Subscriber subscribe(const std::string& topic, uint32_t queue_size, const boost::function<void (const boost::shared_ptr<M const>&)>& callback,
[01;32m[K              ^[m[K
[01m[K/opt/ros/kinetic/include/ros/node_handle.h:750:14:[m[K [01;36m[Knote: [m[K  template argument deduction/substitution failed:
[01m[K/home/users/fri/matthew_ws/catkin_ws/src/hw5/src/rso.cpp:83:85:[m[K [01;31m[Kerror: [m[Ktemplate argument 1 is invalid
   ros::Subscriber sub = n.subscribe<std_msgs::String>("/roomNumber",100, navCallback);
[01;32m[K                                                                                     ^[m[K
In file included from [01m[K/opt/ros/kinetic/include/ros/ros.h:45:0[m[K,
                 from [01m[K/home/users/fri/matthew_ws/catkin_ws/src/hw5/src/rso.cpp:1[m[K:
[01m[K/opt/ros/kinetic/include/ros/node_handle.h:799:14:[m[K [01;36m[Knote: [m[Kcandidate: template<class M, class C> ros::Subscriber ros::NodeHandle::subscribe(const string&, uint32_t, const boost::function<void(C)>&, const VoidConstPtr&, const ros::TransportHints&)
   Subscriber subscribe(const std::string& topic, uint32_t queue_size, const boost::function<void (C)>& callback,
[01;32m[K              ^[m[K
[01m[K/opt/ros/kinetic/include/ros/node_handle.h:799:14:[m[K [01;36m[Knote: [m[K  template argument deduction/substitution failed:
[01m[K/home/users/fri/matthew_ws/catkin_ws/src/hw5/src/rso.cpp:83:85:[m[K [01;31m[Kerror: [m[Ktemplate argument 1 is invalid
   ros::Subscriber sub = n.subscribe<std_msgs::String>("/roomNumber",100, navCallback);
[01;32m[K                                                                                     ^[m[K
make[2]: *** [CMakeFiles/hw5_node.dir/src/rso.cpp.o] Error 1
make[1]: *** [CMakeFiles/hw5_node.dir/all] Error 2
make: *** [all] Error 2
