In file included from [01m[K/home/users/fri/matthew_ws/catkin_ws/src/hw5/src/OffsetPR.cpp:4:0[m[K:
[01m[K/home/users/fri/matthew_ws/catkin_ws/src/hw5/src/OffsetPR.cpp:[m[K In member function ‘[01m[Kvirtual void OffsetPR::receivePose(geometry_msgs::Pose&)[m[K’:
[01m[K/opt/ros/kinetic/include/ros/console.h:346:176:[m[K [01;31m[Kerror: [m[Kno matching function for call to ‘[01m[Kprint(int, void*&, ros::console::Level&, const char [62], int, const char [57], geometry_msgs::Quaternion_<std::allocator<void> >::_x_type&)[m[K’
     ::ros::console::print(filter, __rosconsole_define_location__loc.logger_, __rosconsole_define_location__loc.level_, __FILE__, __LINE__, __ROSCONSOLE_FUNCTION__, __VA_ARGS__)
[01;32m[K                                                                                                                                                                                ^[m[K
[01m[K/opt/ros/kinetic/include/ros/console.h:349:5:[m[K [01;36m[Knote: [m[Kin expansion of macro ‘[01m[KROSCONSOLE_PRINT_AT_LOCATION_WITH_FILTER[m[K’
     ROSCONSOLE_PRINT_AT_LOCATION_WITH_FILTER(0, __VA_ARGS__)
[01;32m[K     ^[m[K
[01m[K/opt/ros/kinetic/include/ros/console.h:379:7:[m[K [01;36m[Knote: [m[Kin expansion of macro ‘[01m[KROSCONSOLE_PRINT_AT_LOCATION[m[K’
       ROSCONSOLE_PRINT_AT_LOCATION(__VA_ARGS__); \
[01;32m[K       ^[m[K
[01m[K/opt/ros/kinetic/include/ros/console.h:561:35:[m[K [01;36m[Knote: [m[Kin expansion of macro ‘[01m[KROS_LOG_COND[m[K’
 #define ROS_LOG(level, name, ...) ROS_LOG_COND(true, level, name, __VA_ARGS__)
[01;32m[K                                   ^[m[K
[01m[K/opt/ros/kinetic/include/rosconsole/macros_generated.h:110:23:[m[K [01;36m[Knote: [m[Kin expansion of macro ‘[01m[KROS_LOG[m[K’
 #define ROS_INFO(...) ROS_LOG(::ros::console::levels::Info, ROSCONSOLE_DEFAULT_NAME, __VA_ARGS__)
[01;32m[K                       ^[m[K
[01m[K/home/users/fri/matthew_ws/catkin_ws/src/hw5/src/OffsetPR.cpp:54:2:[m[K [01;36m[Knote: [m[Kin expansion of macro ‘[01m[KROS_INFO[m[K’
  ROS_INFO(newPose.orientation.x);
[01;32m[K  ^[m[K
[01m[K/opt/ros/kinetic/include/ros/console.h:156:22:[m[K [01;36m[Knote: [m[Kcandidate: void ros::console::print(ros::console::FilterBase*, void*, ros::console::Level, const char*, int, const char*, const char*, ...)
 ROSCONSOLE_DECL void print(FilterBase* filter, void* logger, Level level,
[01;32m[K                      ^[m[K
[01m[K/opt/ros/kinetic/include/ros/console.h:156:22:[m[K [01;36m[Knote: [m[K  no known conversion for argument 7 from ‘[01m[Kgeometry_msgs::Quaternion_<std::allocator<void> >::_x_type {aka double}[m[K’ to ‘[01m[Kconst char*[m[K’
[01m[K/opt/ros/kinetic/include/ros/console.h:160:22:[m[K [01;36m[Knote: [m[Kcandidate: void ros::console::print(ros::console::FilterBase*, void*, ros::console::Level, const stringstream&, const char*, int, const char*)
 ROSCONSOLE_DECL void print(FilterBase* filter, void* logger, Level level,
[01;32m[K                      ^[m[K
[01m[K/opt/ros/kinetic/include/ros/console.h:160:22:[m[K [01;36m[Knote: [m[K  no known conversion for argument 4 from ‘[01m[Kconst char [62][m[K’ to ‘[01m[Kconst stringstream& {aka const std::__cxx11::basic_stringstream<char>&}[m[K’
In file included from [01m[K/home/users/fri/matthew_ws/catkin_ws/src/hw5/src/OffsetPR.cpp:4:0[m[K:
[01m[K/home/users/fri/matthew_ws/catkin_ws/src/hw5/src/OffsetPR.cpp:[m[K In member function ‘[01m[Kvirtual void OffsetPR::receivePose(geometry_msgs::Pose&)[m[K’:
[01m[K/opt/ros/kinetic/include/ros/console.h:346:176:[m[K [01;31m[Kerror: [m[Kno matching function for call to ‘[01m[Kprint(int, void*&, ros::console::Level&, const char [62], int, const char [57], geometry_msgs::Quaternion_<std::allocator<void> >::_x_type&)[m[K’
     ::ros::console::print(filter, __rosconsole_define_location__loc.logger_, __rosconsole_define_location__loc.level_, __FILE__, __LINE__, __ROSCONSOLE_FUNCTION__, __VA_ARGS__)
[01;32m[K                                                                                                                                                                                ^[m[K
[01m[K/opt/ros/kinetic/include/ros/console.h:349:5:[m[K [01;36m[Knote: [m[Kin expansion of macro ‘[01m[KROSCONSOLE_PRINT_AT_LOCATION_WITH_FILTER[m[K’
     ROSCONSOLE_PRINT_AT_LOCATION_WITH_FILTER(0, __VA_ARGS__)
[01;32m[K     ^[m[K
[01m[K/opt/ros/kinetic/include/ros/console.h:379:7:[m[K [01;36m[Knote: [m[Kin expansion of macro ‘[01m[KROSCONSOLE_PRINT_AT_LOCATION[m[K’
       ROSCONSOLE_PRINT_AT_LOCATION(__VA_ARGS__); \
[01;32m[K       ^[m[K
[01m[K/opt/ros/kinetic/include/ros/console.h:561:35:[m[K [01;36m[Knote: [m[Kin expansion of macro ‘[01m[KROS_LOG_COND[m[K’
 #define ROS_LOG(level, name, ...) ROS_LOG_COND(true, level, name, __VA_ARGS__)
[01;32m[K                                   ^[m[K
[01m[K/opt/ros/kinetic/include/rosconsole/macros_generated.h:110:23:[m[K [01;36m[Knote: [m[Kin expansion of macro ‘[01m[KROS_LOG[m[K’
 #define ROS_INFO(...) ROS_LOG(::ros::console::levels::Info, ROSCONSOLE_DEFAULT_NAME, __VA_ARGS__)
[01;32m[K                       ^[m[K
[01m[K/home/users/fri/matthew_ws/catkin_ws/src/hw5/src/OffsetPR.cpp:54:2:[m[K [01;36m[Knote: [m[Kin expansion of macro ‘[01m[KROS_INFO[m[K’
  ROS_INFO(newPose.orientation.x);
[01;32m[K  ^[m[K
[01m[K/opt/ros/kinetic/include/ros/console.h:156:22:[m[K [01;36m[Knote: [m[Kcandidate: void ros::console::print(ros::console::FilterBase*, void*, ros::console::Level, const char*, int, const char*, const char*, ...)
 ROSCONSOLE_DECL void print(FilterBase* filter, void* logger, Level level,
[01;32m[K                      ^[m[K
[01m[K/opt/ros/kinetic/include/ros/console.h:156:22:[m[K [01;36m[Knote: [m[K  no known conversion for argument 7 from ‘[01m[Kgeometry_msgs::Quaternion_<std::allocator<void> >::_x_type {aka double}[m[K’ to ‘[01m[Kconst char*[m[K’
[01m[K/opt/ros/kinetic/include/ros/console.h:160:22:[m[K [01;36m[Knote: [m[Kcandidate: void ros::console::print(ros::console::FilterBase*, void*, ros::console::Level, const stringstream&, const char*, int, const char*)
 ROSCONSOLE_DECL void print(FilterBase* filter, void* logger, Level level,
[01;32m[K                      ^[m[K
[01m[K/opt/ros/kinetic/include/ros/console.h:160:22:[m[K [01;36m[Knote: [m[K  no known conversion for argument 4 from ‘[01m[Kconst char [62][m[K’ to ‘[01m[Kconst stringstream& {aka const std::__cxx11::basic_stringstream<char>&}[m[K’
make[2]: *** [CMakeFiles/hw5_nav_node.dir/src/OffsetPR.cpp.o] Error 1
make[1]: *** [CMakeFiles/hw5_nav_node.dir/all] Error 2
make[1]: *** Waiting for unfinished jobs....
make[2]: *** [CMakeFiles/hw5_node.dir/src/OffsetPR.cpp.o] Error 1
make[1]: *** [CMakeFiles/hw5_node.dir/all] Error 2
make: *** [all] Error 2
