In file included from [01m[K/usr/include/boost/thread/lock_guard.hpp:11:0[m[K,
                 from [01m[K/usr/include/boost/thread/pthread/thread_data.hpp:11[m[K,
                 from [01m[K/usr/include/boost/thread/pthread/condition_variable.hpp:12[m[K,
                 from [01m[K/usr/include/boost/thread/condition_variable.hpp:16[m[K,
                 from [01m[K/usr/include/boost/thread/condition.hpp:13[m[K,
                 from [01m[K/opt/ros/kinetic/include/actionlib/client/simple_action_client.h:38[m[K,
                 from [01m[K/home/users/fri/matthew_ws/catkin_ws/src/hw5/include/hw5/NavPR.h:2[m[K,
                 from [01m[K/home/users/fri/matthew_ws/catkin_ws/src/hw5/src/NavPR.cpp:1[m[K:
[01m[K/usr/include/boost/thread/pthread/condition_variable.hpp:[m[K In copy constructor ‘[01m[Kactionlib::SimpleActionClient<move_base_msgs::MoveBaseAction_<std::allocator<void> > >::SimpleActionClient(actionlib::SimpleActionClient<move_base_msgs::MoveBaseAction_<std::allocator<void> > >&)[m[K’:
[01m[K/usr/include/boost/thread/pthread/condition_variable.hpp:151:9:[m[K [01;31m[Kerror: [m[K‘[01m[Kboost::condition_variable_any::condition_variable_any(boost::condition_variable_any&)[m[K’ is private
         BOOST_THREAD_NO_COPYABLE(condition_variable_any)
[01;32m[K         ^[m[K
In file included from [01m[K/home/users/fri/matthew_ws/catkin_ws/src/hw5/include/hw5/NavPR.h:2:0[m[K,
                 from [01m[K/home/users/fri/matthew_ws/catkin_ws/src/hw5/src/NavPR.cpp:1[m[K:
[01m[K/opt/ros/kinetic/include/actionlib/client/simple_action_client.h:72:7:[m[K [01;31m[Kerror: [m[Kwithin this context
 class SimpleActionClient
[01;32m[K       ^[m[K
In file included from [01m[K/usr/include/boost/thread/lock_guard.hpp:11:0[m[K,
                 from [01m[K/usr/include/boost/thread/pthread/thread_data.hpp:11[m[K,
                 from [01m[K/usr/include/boost/thread/pthread/condition_variable.hpp:12[m[K,
                 from [01m[K/usr/include/boost/thread/condition_variable.hpp:16[m[K,
                 from [01m[K/usr/include/boost/thread/condition.hpp:13[m[K,
                 from [01m[K/opt/ros/kinetic/include/actionlib/client/simple_action_client.h:38[m[K,
                 from [01m[K/home/users/fri/matthew_ws/catkin_ws/src/hw5/include/hw5/NavPR.h:2[m[K,
                 from [01m[K/home/users/fri/matthew_ws/catkin_ws/src/hw5/src/NavPR.cpp:1[m[K:
[01m[K/usr/include/boost/thread/pthread/mutex.hpp:97:9:[m[K [01;31m[Kerror: [m[K‘[01m[Kboost::mutex::mutex(boost::mutex&)[m[K’ is private
         BOOST_THREAD_NO_COPYABLE(mutex)
[01;32m[K         ^[m[K
In file included from [01m[K/home/users/fri/matthew_ws/catkin_ws/src/hw5/include/hw5/NavPR.h:2:0[m[K,
                 from [01m[K/home/users/fri/matthew_ws/catkin_ws/src/hw5/src/NavPR.cpp:1[m[K:
[01m[K/opt/ros/kinetic/include/actionlib/client/simple_action_client.h:72:7:[m[K [01;31m[Kerror: [m[Kwithin this context
 class SimpleActionClient
[01;32m[K       ^[m[K
In file included from [01m[K/usr/include/boost/thread/lock_guard.hpp:11:0[m[K,
                 from [01m[K/usr/include/boost/thread/pthread/thread_data.hpp:11[m[K,
                 from [01m[K/usr/include/boost/thread/pthread/condition_variable.hpp:12[m[K,
                 from [01m[K/usr/include/boost/thread/condition_variable.hpp:16[m[K,
                 from [01m[K/usr/include/boost/thread/condition.hpp:13[m[K,
                 from [01m[K/opt/ros/kinetic/include/actionlib/client/simple_action_client.h:38[m[K,
                 from [01m[K/home/users/fri/matthew_ws/catkin_ws/src/hw5/include/hw5/NavPR.h:2[m[K,
                 from [01m[K/home/users/fri/matthew_ws/catkin_ws/src/hw5/src/NavPR.cpp:1[m[K:
[01m[K/usr/include/boost/thread/pthread/mutex.hpp:97:9:[m[K [01;31m[Kerror: [m[K‘[01m[Kboost::mutex::mutex(boost::mutex&)[m[K’ is private
         BOOST_THREAD_NO_COPYABLE(mutex)
[01;32m[K         ^[m[K
In file included from [01m[K/home/users/fri/matthew_ws/catkin_ws/src/hw5/include/hw5/NavPR.h:2:0[m[K,
                 from [01m[K/home/users/fri/matthew_ws/catkin_ws/src/hw5/src/NavPR.cpp:1[m[K:
[01m[K/opt/ros/kinetic/include/actionlib/client/simple_action_client.h:72:7:[m[K [01;31m[Kerror: [m[Kwithin this context
 class SimpleActionClient
[01;32m[K       ^[m[K
In file included from [01m[K/usr/include/boost/thread/lock_guard.hpp:11:0[m[K,
                 from [01m[K/usr/include/boost/thread/pthread/thread_data.hpp:11[m[K,
                 from [01m[K/usr/include/boost/thread/pthread/condition_variable.hpp:12[m[K,
                 from [01m[K/usr/include/boost/thread/condition_variable.hpp:16[m[K,
                 from [01m[K/usr/include/boost/thread/condition.hpp:13[m[K,
                 from [01m[K/opt/ros/kinetic/include/actionlib/client/simple_action_client.h:38[m[K,
                 from [01m[K/home/users/fri/matthew_ws/catkin_ws/src/hw5/include/hw5/NavPR.h:2[m[K,
                 from [01m[K/home/users/fri/matthew_ws/catkin_ws/src/hw5/src/NavPR.cpp:1[m[K:
[01m[K/usr/include/boost/thread/pthread/mutex.hpp:[m[K In copy constructor ‘[01m[Kros::CallbackQueue::CallbackQueue(ros::CallbackQueue&)[m[K’:
[01m[K/usr/include/boost/thread/pthread/mutex.hpp:97:9:[m[K [01;31m[Kerror: [m[K‘[01m[Kboost::mutex::mutex(boost::mutex&)[m[K’ is private
         BOOST_THREAD_NO_COPYABLE(mutex)
[01;32m[K         ^[m[K
In file included from [01m[K/opt/ros/kinetic/include/actionlib/client/simple_action_client.h:46:0[m[K,
                 from [01m[K/home/users/fri/matthew_ws/catkin_ws/src/hw5/include/hw5/NavPR.h:2[m[K,
                 from [01m[K/home/users/fri/matthew_ws/catkin_ws/src/hw5/src/NavPR.cpp:1[m[K:
[01m[K/opt/ros/kinetic/include/ros/callback_queue.h:57:19:[m[K [01;31m[Kerror: [m[Kwithin this context
 class ROSCPP_DECL CallbackQueue : public CallbackQueueInterface
[01;32m[K                   ^[m[K
In file included from [01m[K/usr/include/boost/thread/lock_guard.hpp:11:0[m[K,
                 from [01m[K/usr/include/boost/thread/pthread/thread_data.hpp:11[m[K,
                 from [01m[K/usr/include/boost/thread/pthread/condition_variable.hpp:12[m[K,
                 from [01m[K/usr/include/boost/thread/condition_variable.hpp:16[m[K,
                 from [01m[K/usr/include/boost/thread/condition.hpp:13[m[K,
                 from [01m[K/opt/ros/kinetic/include/actionlib/client/simple_action_client.h:38[m[K,
                 from [01m[K/home/users/fri/matthew_ws/catkin_ws/src/hw5/include/hw5/NavPR.h:2[m[K,
                 from [01m[K/home/users/fri/matthew_ws/catkin_ws/src/hw5/src/NavPR.cpp:1[m[K:
[01m[K/usr/include/boost/thread/pthread/condition_variable_fwd.hpp:55:7:[m[K [01;31m[Kerror: [m[K‘[01m[Kboost::condition_variable::condition_variable(boost::condition_variable&)[m[K’ is private
       BOOST_THREAD_NO_COPYABLE(condition_variable)
[01;32m[K       ^[m[K
In file included from [01m[K/opt/ros/kinetic/include/actionlib/client/simple_action_client.h:46:0[m[K,
                 from [01m[K/home/users/fri/matthew_ws/catkin_ws/src/hw5/include/hw5/NavPR.h:2[m[K,
                 from [01m[K/home/users/fri/matthew_ws/catkin_ws/src/hw5/src/NavPR.cpp:1[m[K:
[01m[K/opt/ros/kinetic/include/ros/callback_queue.h:57:19:[m[K [01;31m[Kerror: [m[Kwithin this context
 class ROSCPP_DECL CallbackQueue : public CallbackQueueInterface
[01;32m[K                   ^[m[K
In file included from [01m[K/usr/include/boost/thread/lock_guard.hpp:11:0[m[K,
                 from [01m[K/usr/include/boost/thread/pthread/thread_data.hpp:11[m[K,
                 from [01m[K/usr/include/boost/thread/pthread/condition_variable.hpp:12[m[K,
                 from [01m[K/usr/include/boost/thread/condition_variable.hpp:16[m[K,
                 from [01m[K/usr/include/boost/thread/condition.hpp:13[m[K,
                 from [01m[K/opt/ros/kinetic/include/actionlib/client/simple_action_client.h:38[m[K,
                 from [01m[K/home/users/fri/matthew_ws/catkin_ws/src/hw5/include/hw5/NavPR.h:2[m[K,
                 from [01m[K/home/users/fri/matthew_ws/catkin_ws/src/hw5/src/NavPR.cpp:1[m[K:
[01m[K/usr/include/boost/thread/pthread/mutex.hpp:97:9:[m[K [01;31m[Kerror: [m[K‘[01m[Kboost::mutex::mutex(boost::mutex&)[m[K’ is private
         BOOST_THREAD_NO_COPYABLE(mutex)
[01;32m[K         ^[m[K
In file included from [01m[K/opt/ros/kinetic/include/actionlib/client/simple_action_client.h:46:0[m[K,
                 from [01m[K/home/users/fri/matthew_ws/catkin_ws/src/hw5/include/hw5/NavPR.h:2[m[K,
                 from [01m[K/home/users/fri/matthew_ws/catkin_ws/src/hw5/src/NavPR.cpp:1[m[K:
[01m[K/opt/ros/kinetic/include/ros/callback_queue.h:57:19:[m[K [01;31m[Kerror: [m[Kwithin this context
 class ROSCPP_DECL CallbackQueue : public CallbackQueueInterface
[01;32m[K                   ^[m[K
In file included from [01m[K/opt/ros/kinetic/include/ros/callback_queue.h:46:0[m[K,
                 from [01m[K/opt/ros/kinetic/include/actionlib/client/simple_action_client.h:46[m[K,
                 from [01m[K/home/users/fri/matthew_ws/catkin_ws/src/hw5/include/hw5/NavPR.h:2[m[K,
                 from [01m[K/home/users/fri/matthew_ws/catkin_ws/src/hw5/src/NavPR.cpp:1[m[K:
[01m[K/usr/include/boost/thread/tss.hpp:34:9:[m[K [01;31m[Kerror: [m[K‘[01m[Kboost::thread_specific_ptr<T>::thread_specific_ptr(boost::thread_specific_ptr<T>&) [with T = ros::CallbackQueue::TLS][m[K’ is private
         thread_specific_ptr(thread_specific_ptr&);
[01;32m[K         ^[m[K
In file included from [01m[K/opt/ros/kinetic/include/actionlib/client/simple_action_client.h:46:0[m[K,
                 from [01m[K/home/users/fri/matthew_ws/catkin_ws/src/hw5/include/hw5/NavPR.h:2[m[K,
                 from [01m[K/home/users/fri/matthew_ws/catkin_ws/src/hw5/src/NavPR.cpp:1[m[K:
[01m[K/opt/ros/kinetic/include/ros/callback_queue.h:57:19:[m[K [01;31m[Kerror: [m[Kwithin this context
 class ROSCPP_DECL CallbackQueue : public CallbackQueueInterface
[01;32m[K                   ^[m[K
In file included from [01m[K/home/users/fri/matthew_ws/catkin_ws/src/hw5/include/hw5/NavPR.h:2:0[m[K,
                 from [01m[K/home/users/fri/matthew_ws/catkin_ws/src/hw5/src/NavPR.cpp:1[m[K:
[01m[K/opt/ros/kinetic/include/actionlib/client/simple_action_client.h:[m[K In copy constructor ‘[01m[Kactionlib::SimpleActionClient<move_base_msgs::MoveBaseAction_<std::allocator<void> > >::SimpleActionClient(actionlib::SimpleActionClient<move_base_msgs::MoveBaseAction_<std::allocator<void> > >&)[m[K’:
[01m[K/opt/ros/kinetic/include/actionlib/client/simple_action_client.h:72:7:[m[K [01;36m[Knote: [m[Ksynthesized method ‘[01m[Kros::CallbackQueue::CallbackQueue(ros::CallbackQueue&)[m[K’ first required here 
 class SimpleActionClient
[01;32m[K       ^[m[K
In file included from [01m[K/usr/include/boost/scoped_ptr.hpp:14:0[m[K,
                 from [01m[K/opt/ros/kinetic/include/actionlib/client/simple_action_client.h:40[m[K,
                 from [01m[K/home/users/fri/matthew_ws/catkin_ws/src/hw5/include/hw5/NavPR.h:2[m[K,
                 from [01m[K/home/users/fri/matthew_ws/catkin_ws/src/hw5/src/NavPR.cpp:1[m[K:
[01m[K/usr/include/boost/smart_ptr/scoped_ptr.hpp:47:5:[m[K [01;31m[Kerror: [m[K‘[01m[Kboost::scoped_ptr<T>::scoped_ptr(const boost::scoped_ptr<T>&) [with T = actionlib::ActionClient<move_base_msgs::MoveBaseAction_<std::allocator<void> > >][m[K’ is private
     scoped_ptr(scoped_ptr const &);
[01;32m[K     ^[m[K
In file included from [01m[K/home/users/fri/matthew_ws/catkin_ws/src/hw5/include/hw5/NavPR.h:2:0[m[K,
                 from [01m[K/home/users/fri/matthew_ws/catkin_ws/src/hw5/src/NavPR.cpp:1[m[K:
[01m[K/opt/ros/kinetic/include/actionlib/client/simple_action_client.h:72:7:[m[K [01;31m[Kerror: [m[Kwithin this context
 class SimpleActionClient
[01;32m[K       ^[m[K
[01m[K/home/users/fri/matthew_ws/catkin_ws/src/hw5/src/NavPR.cpp:[m[K In constructor ‘[01m[KNavPR::NavPR(MoveBaseClient&)[m[K’:
[01m[K/home/users/fri/matthew_ws/catkin_ws/src/hw5/src/NavPR.cpp:6:45:[m[K [01;36m[Knote: [m[Ksynthesized method ‘[01m[Kactionlib::SimpleActionClient<move_base_msgs::MoveBaseAction_<std::allocator<void> > >::SimpleActionClient(actionlib::SimpleActionClient<move_base_msgs::MoveBaseAction_<std::allocator<void> > >&)[m[K’ first required here 
 NavPR::NavPR(MoveBaseClient &ac) : client(ac) {
[01;32m[K                                             ^[m[K
[01m[K/home/users/fri/matthew_ws/catkin_ws/src/hw5/src/NavPR.cpp:[m[K In member function ‘[01m[Kvirtual void NavPR::receivePose(geometry_msgs::Pose&)[m[K’:
[01m[K/home/users/fri/matthew_ws/catkin_ws/src/hw5/src/NavPR.cpp:18:36:[m[K [01;35m[Kwarning: [m[K‘[01m[Ktf::Quaternion::Quaternion(const tfScalar&, const tfScalar&, const tfScalar&)[m[K’ is deprecated [-Wdeprecated-declarations]
  tf::Quaternion rpy(0, 0, 0.5 * yaw);
[01;32m[K                                    ^[m[K
In file included from [01m[K/opt/ros/kinetic/include/tf/LinearMath/Matrix3x3.h:20:0[m[K,
                 from [01m[K/opt/ros/kinetic/include/tf/LinearMath/Transform.h:21[m[K,
                 from [01m[K/opt/ros/kinetic/include/tf/transform_datatypes.h:41[m[K,
                 from [01m[K/opt/ros/kinetic/include/tf/time_cache.h:38[m[K,
                 from [01m[K/opt/ros/kinetic/include/tf/tf.h:43[m[K,
                 from [01m[K/home/users/fri/matthew_ws/catkin_ws/src/hw5/include/hw5/NavPR.h:5[m[K,
                 from [01m[K/home/users/fri/matthew_ws/catkin_ws/src/hw5/src/NavPR.cpp:1[m[K:
[01m[K/opt/ros/kinetic/include/tf/LinearMath/Quaternion.h:51:3:[m[K [01;36m[Knote: [m[Kdeclared here
   Quaternion(const tfScalar& yaw, const tfScalar& pitch, const tfScalar& roll) __attribute__((deprecated))
[01;32m[K   ^[m[K
[01m[K/home/users/fri/matthew_ws/catkin_ws/src/hw5/src/NavPR.cpp:42:9:[m[K [01;31m[Kerror: [m[Kbase operand of ‘[01m[K->[m[K’ has non-pointer type ‘[01m[KMoveBaseClient {aka actionlib::SimpleActionClient<move_base_msgs::MoveBaseAction_<std::allocator<void> > >}[m[K’
   client->sendGoal(goal);
[01;32m[K         ^[m[K
[01m[K/home/users/fri/matthew_ws/catkin_ws/src/hw5/src/NavPR.cpp:43:9:[m[K [01;31m[Kerror: [m[Kbase operand of ‘[01m[K->[m[K’ has non-pointer type ‘[01m[KMoveBaseClient {aka actionlib::SimpleActionClient<move_base_msgs::MoveBaseAction_<std::allocator<void> > >}[m[K’
   client->waitForResult();
[01;32m[K         ^[m[K
In file included from [01m[K/usr/include/boost/thread/lock_guard.hpp:11:0[m[K,
                 from [01m[K/usr/include/boost/thread/pthread/thread_data.hpp:11[m[K,
                 from [01m[K/usr/include/boost/thread/pthread/condition_variable.hpp:12[m[K,
                 from [01m[K/usr/include/boost/thread/condition_variable.hpp:16[m[K,
                 from [01m[K/usr/include/boost/thread/condition.hpp:13[m[K,
                 from [01m[K/opt/ros/kinetic/include/actionlib/client/simple_action_client.h:38[m[K,
                 from [01m[K/home/users/fri/matthew_ws/catkin_ws/src/hw5/include/hw5/NavPR.h:2[m[K,
                 from [01m[K/home/users/fri/matthew_ws/catkin_ws/src/hw5/src/NavPR.cpp:1[m[K:
[01m[K/usr/include/boost/thread/pthread/condition_variable.hpp:[m[K In copy constructor ‘[01m[Kactionlib::SimpleActionClient<move_base_msgs::MoveBaseAction_<std::allocator<void> > >::SimpleActionClient(actionlib::SimpleActionClient<move_base_msgs::MoveBaseAction_<std::allocator<void> > >&)[m[K’:
[01m[K/usr/include/boost/thread/pthread/condition_variable.hpp:151:9:[m[K [01;31m[Kerror: [m[K‘[01m[Kboost::condition_variable_any::condition_variable_any(boost::condition_variable_any&)[m[K’ is private
         BOOST_THREAD_NO_COPYABLE(condition_variable_any)
[01;32m[K         ^[m[K
In file included from [01m[K/home/users/fri/matthew_ws/catkin_ws/src/hw5/include/hw5/NavPR.h:2:0[m[K,
                 from [01m[K/home/users/fri/matthew_ws/catkin_ws/src/hw5/src/NavPR.cpp:1[m[K:
[01m[K/opt/ros/kinetic/include/actionlib/client/simple_action_client.h:72:7:[m[K [01;31m[Kerror: [m[Kwithin this context
 class SimpleActionClient
[01;32m[K       ^[m[K
In file included from [01m[K/usr/include/boost/thread/lock_guard.hpp:11:0[m[K,
                 from [01m[K/usr/include/boost/thread/pthread/thread_data.hpp:11[m[K,
                 from [01m[K/usr/include/boost/thread/pthread/condition_variable.hpp:12[m[K,
                 from [01m[K/usr/include/boost/thread/condition_variable.hpp:16[m[K,
                 from [01m[K/usr/include/boost/thread/condition.hpp:13[m[K,
                 from [01m[K/opt/ros/kinetic/include/actionlib/client/simple_action_client.h:38[m[K,
                 from [01m[K/home/users/fri/matthew_ws/catkin_ws/src/hw5/include/hw5/NavPR.h:2[m[K,
                 from [01m[K/home/users/fri/matthew_ws/catkin_ws/src/hw5/src/NavPR.cpp:1[m[K:
[01m[K/usr/include/boost/thread/pthread/mutex.hpp:97:9:[m[K [01;31m[Kerror: [m[K‘[01m[Kboost::mutex::mutex(boost::mutex&)[m[K’ is private
         BOOST_THREAD_NO_COPYABLE(mutex)
[01;32m[K         ^[m[K
In file included from [01m[K/home/users/fri/matthew_ws/catkin_ws/src/hw5/include/hw5/NavPR.h:2:0[m[K,
                 from [01m[K/home/users/fri/matthew_ws/catkin_ws/src/hw5/src/NavPR.cpp:1[m[K:
[01m[K/opt/ros/kinetic/include/actionlib/client/simple_action_client.h:72:7:[m[K [01;31m[Kerror: [m[Kwithin this context
 class SimpleActionClient
[01;32m[K       ^[m[K
In file included from [01m[K/usr/include/boost/thread/lock_guard.hpp:11:0[m[K,
                 from [01m[K/usr/include/boost/thread/pthread/thread_data.hpp:11[m[K,
                 from [01m[K/usr/include/boost/thread/pthread/condition_variable.hpp:12[m[K,
                 from [01m[K/usr/include/boost/thread/condition_variable.hpp:16[m[K,
                 from [01m[K/usr/include/boost/thread/condition.hpp:13[m[K,
                 from [01m[K/opt/ros/kinetic/include/actionlib/client/simple_action_client.h:38[m[K,
                 from [01m[K/home/users/fri/matthew_ws/catkin_ws/src/hw5/include/hw5/NavPR.h:2[m[K,
                 from [01m[K/home/users/fri/matthew_ws/catkin_ws/src/hw5/src/NavPR.cpp:1[m[K:
[01m[K/usr/include/boost/thread/pthread/mutex.hpp:97:9:[m[K [01;31m[Kerror: [m[K‘[01m[Kboost::mutex::mutex(boost::mutex&)[m[K’ is private
         BOOST_THREAD_NO_COPYABLE(mutex)
[01;32m[K         ^[m[K
In file included from [01m[K/home/users/fri/matthew_ws/catkin_ws/src/hw5/include/hw5/NavPR.h:2:0[m[K,
                 from [01m[K/home/users/fri/matthew_ws/catkin_ws/src/hw5/src/NavPR.cpp:1[m[K:
[01m[K/opt/ros/kinetic/include/actionlib/client/simple_action_client.h:72:7:[m[K [01;31m[Kerror: [m[Kwithin this context
 class SimpleActionClient
[01;32m[K       ^[m[K
In file included from [01m[K/usr/include/boost/thread/lock_guard.hpp:11:0[m[K,
                 from [01m[K/usr/include/boost/thread/pthread/thread_data.hpp:11[m[K,
                 from [01m[K/usr/include/boost/thread/pthread/condition_variable.hpp:12[m[K,
                 from [01m[K/usr/include/boost/thread/condition_variable.hpp:16[m[K,
                 from [01m[K/usr/include/boost/thread/condition.hpp:13[m[K,
                 from [01m[K/opt/ros/kinetic/include/actionlib/client/simple_action_client.h:38[m[K,
                 from [01m[K/home/users/fri/matthew_ws/catkin_ws/src/hw5/include/hw5/NavPR.h:2[m[K,
                 from [01m[K/home/users/fri/matthew_ws/catkin_ws/src/hw5/src/NavPR.cpp:1[m[K:
[01m[K/usr/include/boost/thread/pthread/mutex.hpp:[m[K In copy constructor ‘[01m[Kros::CallbackQueue::CallbackQueue(ros::CallbackQueue&)[m[K’:
[01m[K/usr/include/boost/thread/pthread/mutex.hpp:97:9:[m[K [01;31m[Kerror: [m[K‘[01m[Kboost::mutex::mutex(boost::mutex&)[m[K’ is private
         BOOST_THREAD_NO_COPYABLE(mutex)
[01;32m[K         ^[m[K
In file included from [01m[K/opt/ros/kinetic/include/actionlib/client/simple_action_client.h:46:0[m[K,
                 from [01m[K/home/users/fri/matthew_ws/catkin_ws/src/hw5/include/hw5/NavPR.h:2[m[K,
                 from [01m[K/home/users/fri/matthew_ws/catkin_ws/src/hw5/src/NavPR.cpp:1[m[K:
[01m[K/opt/ros/kinetic/include/ros/callback_queue.h:57:19:[m[K [01;31m[Kerror: [m[Kwithin this context
 class ROSCPP_DECL CallbackQueue : public CallbackQueueInterface
[01;32m[K                   ^[m[K
In file included from [01m[K/usr/include/boost/thread/lock_guard.hpp:11:0[m[K,
                 from [01m[K/usr/include/boost/thread/pthread/thread_data.hpp:11[m[K,
                 from [01m[K/usr/include/boost/thread/pthread/condition_variable.hpp:12[m[K,
                 from [01m[K/usr/include/boost/thread/condition_variable.hpp:16[m[K,
                 from [01m[K/usr/include/boost/thread/condition.hpp:13[m[K,
                 from [01m[K/opt/ros/kinetic/include/actionlib/client/simple_action_client.h:38[m[K,
                 from [01m[K/home/users/fri/matthew_ws/catkin_ws/src/hw5/include/hw5/NavPR.h:2[m[K,
                 from [01m[K/home/users/fri/matthew_ws/catkin_ws/src/hw5/src/NavPR.cpp:1[m[K:
[01m[K/usr/include/boost/thread/pthread/condition_variable_fwd.hpp:55:7:[m[K [01;31m[Kerror: [m[K‘[01m[Kboost::condition_variable::condition_variable(boost::condition_variable&)[m[K’ is private
       BOOST_THREAD_NO_COPYABLE(condition_variable)
[01;32m[K       ^[m[K
In file included from [01m[K/opt/ros/kinetic/include/actionlib/client/simple_action_client.h:46:0[m[K,
                 from [01m[K/home/users/fri/matthew_ws/catkin_ws/src/hw5/include/hw5/NavPR.h:2[m[K,
                 from [01m[K/home/users/fri/matthew_ws/catkin_ws/src/hw5/src/NavPR.cpp:1[m[K:
[01m[K/opt/ros/kinetic/include/ros/callback_queue.h:57:19:[m[K [01;31m[Kerror: [m[Kwithin this context
 class ROSCPP_DECL CallbackQueue : public CallbackQueueInterface
[01;32m[K                   ^[m[K
In file included from [01m[K/usr/include/boost/thread/lock_guard.hpp:11:0[m[K,
                 from [01m[K/usr/include/boost/thread/pthread/thread_data.hpp:11[m[K,
                 from [01m[K/usr/include/boost/thread/pthread/condition_variable.hpp:12[m[K,
                 from [01m[K/usr/include/boost/thread/condition_variable.hpp:16[m[K,
                 from [01m[K/usr/include/boost/thread/condition.hpp:13[m[K,
                 from [01m[K/opt/ros/kinetic/include/actionlib/client/simple_action_client.h:38[m[K,
                 from [01m[K/home/users/fri/matthew_ws/catkin_ws/src/hw5/include/hw5/NavPR.h:2[m[K,
                 from [01m[K/home/users/fri/matthew_ws/catkin_ws/src/hw5/src/NavPR.cpp:1[m[K:
[01m[K/usr/include/boost/thread/pthread/mutex.hpp:97:9:[m[K [01;31m[Kerror: [m[K‘[01m[Kboost::mutex::mutex(boost::mutex&)[m[K’ is private
         BOOST_THREAD_NO_COPYABLE(mutex)
[01;32m[K         ^[m[K
In file included from [01m[K/opt/ros/kinetic/include/actionlib/client/simple_action_client.h:46:0[m[K,
                 from [01m[K/home/users/fri/matthew_ws/catkin_ws/src/hw5/include/hw5/NavPR.h:2[m[K,
                 from [01m[K/home/users/fri/matthew_ws/catkin_ws/src/hw5/src/NavPR.cpp:1[m[K:
[01m[K/opt/ros/kinetic/include/ros/callback_queue.h:57:19:[m[K [01;31m[Kerror: [m[Kwithin this context
 class ROSCPP_DECL CallbackQueue : public CallbackQueueInterface
[01;32m[K                   ^[m[K
In file included from [01m[K/opt/ros/kinetic/include/ros/callback_queue.h:46:0[m[K,
                 from [01m[K/opt/ros/kinetic/include/actionlib/client/simple_action_client.h:46[m[K,
                 from [01m[K/home/users/fri/matthew_ws/catkin_ws/src/hw5/include/hw5/NavPR.h:2[m[K,
                 from [01m[K/home/users/fri/matthew_ws/catkin_ws/src/hw5/src/NavPR.cpp:1[m[K:
[01m[K/usr/include/boost/thread/tss.hpp:34:9:[m[K [01;31m[Kerror: [m[K‘[01m[Kboost::thread_specific_ptr<T>::thread_specific_ptr(boost::thread_specific_ptr<T>&) [with T = ros::CallbackQueue::TLS][m[K’ is private
         thread_specific_ptr(thread_specific_ptr&);
[01;32m[K         ^[m[K
In file included from [01m[K/opt/ros/kinetic/include/actionlib/client/simple_action_client.h:46:0[m[K,
                 from [01m[K/home/users/fri/matthew_ws/catkin_ws/src/hw5/include/hw5/NavPR.h:2[m[K,
                 from [01m[K/home/users/fri/matthew_ws/catkin_ws/src/hw5/src/NavPR.cpp:1[m[K:
[01m[K/opt/ros/kinetic/include/ros/callback_queue.h:57:19:[m[K [01;31m[Kerror: [m[Kwithin this context
 class ROSCPP_DECL CallbackQueue : public CallbackQueueInterface
[01;32m[K                   ^[m[K
In file included from [01m[K/home/users/fri/matthew_ws/catkin_ws/src/hw5/include/hw5/NavPR.h:2:0[m[K,
                 from [01m[K/home/users/fri/matthew_ws/catkin_ws/src/hw5/src/NavPR.cpp:1[m[K:
[01m[K/opt/ros/kinetic/include/actionlib/client/simple_action_client.h:[m[K In copy constructor ‘[01m[Kactionlib::SimpleActionClient<move_base_msgs::MoveBaseAction_<std::allocator<void> > >::SimpleActionClient(actionlib::SimpleActionClient<move_base_msgs::MoveBaseAction_<std::allocator<void> > >&)[m[K’:
[01m[K/opt/ros/kinetic/include/actionlib/client/simple_action_client.h:72:7:[m[K [01;36m[Knote: [m[Ksynthesized method ‘[01m[Kros::CallbackQueue::CallbackQueue(ros::CallbackQueue&)[m[K’ first required here 
 class SimpleActionClient
[01;32m[K       ^[m[K
In file included from [01m[K/usr/include/boost/scoped_ptr.hpp:14:0[m[K,
                 from [01m[K/opt/ros/kinetic/include/actionlib/client/simple_action_client.h:40[m[K,
                 from [01m[K/home/users/fri/matthew_ws/catkin_ws/src/hw5/include/hw5/NavPR.h:2[m[K,
                 from [01m[K/home/users/fri/matthew_ws/catkin_ws/src/hw5/src/NavPR.cpp:1[m[K:
[01m[K/usr/include/boost/smart_ptr/scoped_ptr.hpp:47:5:[m[K [01;31m[Kerror: [m[K‘[01m[Kboost::scoped_ptr<T>::scoped_ptr(const boost::scoped_ptr<T>&) [with T = actionlib::ActionClient<move_base_msgs::MoveBaseAction_<std::allocator<void> > >][m[K’ is private
     scoped_ptr(scoped_ptr const &);
[01;32m[K     ^[m[K
In file included from [01m[K/home/users/fri/matthew_ws/catkin_ws/src/hw5/include/hw5/NavPR.h:2:0[m[K,
                 from [01m[K/home/users/fri/matthew_ws/catkin_ws/src/hw5/src/NavPR.cpp:1[m[K:
[01m[K/opt/ros/kinetic/include/actionlib/client/simple_action_client.h:72:7:[m[K [01;31m[Kerror: [m[Kwithin this context
 class SimpleActionClient
[01;32m[K       ^[m[K
[01m[K/home/users/fri/matthew_ws/catkin_ws/src/hw5/src/NavPR.cpp:[m[K In constructor ‘[01m[KNavPR::NavPR(MoveBaseClient&)[m[K’:
[01m[K/home/users/fri/matthew_ws/catkin_ws/src/hw5/src/NavPR.cpp:6:45:[m[K [01;36m[Knote: [m[Ksynthesized method ‘[01m[Kactionlib::SimpleActionClient<move_base_msgs::MoveBaseAction_<std::allocator<void> > >::SimpleActionClient(actionlib::SimpleActionClient<move_base_msgs::MoveBaseAction_<std::allocator<void> > >&)[m[K’ first required here 
 NavPR::NavPR(MoveBaseClient &ac) : client(ac) {
[01;32m[K                                             ^[m[K
[01m[K/home/users/fri/matthew_ws/catkin_ws/src/hw5/src/NavPR.cpp:[m[K In member function ‘[01m[Kvirtual void NavPR::receivePose(geometry_msgs::Pose&)[m[K’:
[01m[K/home/users/fri/matthew_ws/catkin_ws/src/hw5/src/NavPR.cpp:18:36:[m[K [01;35m[Kwarning: [m[K‘[01m[Ktf::Quaternion::Quaternion(const tfScalar&, const tfScalar&, const tfScalar&)[m[K’ is deprecated [-Wdeprecated-declarations]
  tf::Quaternion rpy(0, 0, 0.5 * yaw);
[01;32m[K                                    ^[m[K
In file included from [01m[K/opt/ros/kinetic/include/tf/LinearMath/Matrix3x3.h:20:0[m[K,
                 from [01m[K/opt/ros/kinetic/include/tf/LinearMath/Transform.h:21[m[K,
                 from [01m[K/opt/ros/kinetic/include/tf/transform_datatypes.h:41[m[K,
                 from [01m[K/opt/ros/kinetic/include/tf/time_cache.h:38[m[K,
                 from [01m[K/opt/ros/kinetic/include/tf/tf.h:43[m[K,
                 from [01m[K/home/users/fri/matthew_ws/catkin_ws/src/hw5/include/hw5/NavPR.h:5[m[K,
                 from [01m[K/home/users/fri/matthew_ws/catkin_ws/src/hw5/src/NavPR.cpp:1[m[K:
[01m[K/opt/ros/kinetic/include/tf/LinearMath/Quaternion.h:51:3:[m[K [01;36m[Knote: [m[Kdeclared here
   Quaternion(const tfScalar& yaw, const tfScalar& pitch, const tfScalar& roll) __attribute__((deprecated))
[01;32m[K   ^[m[K
[01m[K/home/users/fri/matthew_ws/catkin_ws/src/hw5/src/NavPR.cpp:42:9:[m[K [01;31m[Kerror: [m[Kbase operand of ‘[01m[K->[m[K’ has non-pointer type ‘[01m[KMoveBaseClient {aka actionlib::SimpleActionClient<move_base_msgs::MoveBaseAction_<std::allocator<void> > >}[m[K’
   client->sendGoal(goal);
[01;32m[K         ^[m[K
[01m[K/home/users/fri/matthew_ws/catkin_ws/src/hw5/src/NavPR.cpp:43:9:[m[K [01;31m[Kerror: [m[Kbase operand of ‘[01m[K->[m[K’ has non-pointer type ‘[01m[KMoveBaseClient {aka actionlib::SimpleActionClient<move_base_msgs::MoveBaseAction_<std::allocator<void> > >}[m[K’
   client->waitForResult();
[01;32m[K         ^[m[K
[01m[K/home/users/fri/matthew_ws/catkin_ws/src/hw5/src/hw5_nav_node.cpp:[m[K In function ‘[01m[Kint main(int, char**)[m[K’:
[01m[K/home/users/fri/matthew_ws/catkin_ws/src/hw5/src/hw5_nav_node.cpp:41:18:[m[K [01;31m[Kerror: [m[Kno matching function for call to ‘[01m[KNavPR::NavPR(MoveBaseClient*)[m[K’
   NavPR navPR(&ac);
[01;32m[K                  ^[m[K
In file included from [01m[K/home/users/fri/matthew_ws/catkin_ws/src/hw5/src/hw5_nav_node.cpp:8:0[m[K:
[01m[K/home/users/fri/matthew_ws/catkin_ws/src/hw5/include/hw5/NavPR.h:12:3:[m[K [01;36m[Knote: [m[Kcandidate: NavPR::NavPR(MoveBaseClient&)
   NavPR(MoveBaseClient &ac);
[01;32m[K   ^[m[K
[01m[K/home/users/fri/matthew_ws/catkin_ws/src/hw5/include/hw5/NavPR.h:12:3:[m[K [01;36m[Knote: [m[K  no known conversion for argument 1 from ‘[01m[KMoveBaseClient* {aka actionlib::SimpleActionClient<move_base_msgs::MoveBaseAction_<std::allocator<void> > >*}[m[K’ to ‘[01m[KMoveBaseClient& {aka actionlib::SimpleActionClient<move_base_msgs::MoveBaseAction_<std::allocator<void> > >&}[m[K’
[01m[K/home/users/fri/matthew_ws/catkin_ws/src/hw5/include/hw5/NavPR.h:10:7:[m[K [01;36m[Knote: [m[Kcandidate: NavPR::NavPR(NavPR&)
 class NavPR : public PoseRecipient {
[01;32m[K       ^[m[K
[01m[K/home/users/fri/matthew_ws/catkin_ws/src/hw5/include/hw5/NavPR.h:10:7:[m[K [01;36m[Knote: [m[K  no known conversion for argument 1 from ‘[01m[KMoveBaseClient* {aka actionlib::SimpleActionClient<move_base_msgs::MoveBaseAction_<std::allocator<void> > >*}[m[K’ to ‘[01m[KNavPR&[m[K’
make[2]: *** [CMakeFiles/hw5_nav_node.dir/src/NavPR.cpp.o] Error 1
make[2]: *** Waiting for unfinished jobs....
make[2]: *** [CMakeFiles/hw5_node.dir/src/NavPR.cpp.o] Error 1
make[1]: *** [CMakeFiles/hw5_node.dir/all] Error 2
make[1]: *** Waiting for unfinished jobs....
make[2]: *** [CMakeFiles/hw5_nav_node.dir/src/hw5_nav_node.cpp.o] Error 1
make[1]: *** [CMakeFiles/hw5_nav_node.dir/all] Error 2
make: *** [all] Error 2
