[01m[K/home/users/fri/matthew_ws/catkin_ws/src/hw5/src/rso.cpp:[m[K In function ‘[01m[Kint main(int, char**)[m[K’:
[01m[K/home/users/fri/matthew_ws/catkin_ws/src/hw5/src/rso.cpp:25:31:[m[K [01;31m[Kerror: [m[K‘[01m[Kdoors[m[K’ cannot appear in a constant-expression
   while (ros::ok() && count < doors.size()) {
[01;32m[K                               ^[m[K
[01m[K/home/users/fri/matthew_ws/catkin_ws/src/hw5/src/rso.cpp:25:37:[m[K [01;31m[Kerror: [m[K‘[01m[K.[m[K’ cannot appear in a constant-expression
   while (ros::ok() && count < doors.size()) {
[01;32m[K                                     ^[m[K
[01m[K/home/users/fri/matthew_ws/catkin_ws/src/hw5/src/rso.cpp:25:42:[m[K [01;31m[Kerror: [m[Ka function call cannot appear in a constant-expression
   while (ros::ok() && count < doors.size()) {
[01;32m[K                                          ^[m[K
[01m[K/home/users/fri/matthew_ws/catkin_ws/src/hw5/src/rso.cpp:25:23:[m[K [01;31m[Kerror: [m[Kparse error in template argument list
   while (ros::ok() && count < doors.size()) {
[01;32m[K                       ^[m[K
[01m[K/home/users/fri/matthew_ws/catkin_ws/src/hw5/src/rso.cpp:25:23:[m[K [01;31m[Kerror: [m[Kinvalid operands of types ‘[01m[K<unresolved overloaded function type>[m[K’ and ‘[01m[Kint[m[K’ to binary ‘[01m[Koperator!=[m[K’
[01m[K/home/users/fri/matthew_ws/catkin_ws/src/hw5/src/rso.cpp:27:37:[m[K [01;31m[Kerror: [m[Kno matching function for call to ‘[01m[Kstd::vector<std::__cxx11::basic_string<char> >::at(<unresolved overloaded function type>)[m[K’
     string location = doors.at(count);
[01;32m[K                                     ^[m[K
In file included from [01m[K/usr/include/c++/5/vector:64:0[m[K,
                 from [01m[K/usr/include/boost/format.hpp:17[m[K,
                 from [01m[K/usr/include/boost/math/policies/error_handling.hpp:31[m[K,
                 from [01m[K/usr/include/boost/math/special_functions/round.hpp:14[m[K,
                 from [01m[K/opt/ros/kinetic/include/ros/time.h:58[m[K,
                 from [01m[K/opt/ros/kinetic/include/ros/ros.h:38[m[K,
                 from [01m[K/home/users/fri/matthew_ws/catkin_ws/src/hw5/src/rso.cpp:1[m[K:
[01m[K/usr/include/c++/5/bits/stl_vector.h:822:7:[m[K [01;36m[Knote: [m[Kcandidate: std::vector<_Tp, _Alloc>::reference std::vector<_Tp, _Alloc>::at(std::vector<_Tp, _Alloc>::size_type) [with _Tp = std::__cxx11::basic_string<char>; _Alloc = std::allocator<std::__cxx11::basic_string<char> >; std::vector<_Tp, _Alloc>::reference = std::__cxx11::basic_string<char>&; std::vector<_Tp, _Alloc>::size_type = long unsigned int]
       at(size_type __n)
[01;32m[K       ^[m[K
[01m[K/usr/include/c++/5/bits/stl_vector.h:822:7:[m[K [01;36m[Knote: [m[K  no known conversion for argument 1 from ‘[01m[K<unresolved overloaded function type>[m[K’ to ‘[01m[Kstd::vector<std::__cxx11::basic_string<char> >::size_type {aka long unsigned int}[m[K’
[01m[K/usr/include/c++/5/bits/stl_vector.h:840:7:[m[K [01;36m[Knote: [m[Kcandidate: std::vector<_Tp, _Alloc>::const_reference std::vector<_Tp, _Alloc>::at(std::vector<_Tp, _Alloc>::size_type) const [with _Tp = std::__cxx11::basic_string<char>; _Alloc = std::allocator<std::__cxx11::basic_string<char> >; std::vector<_Tp, _Alloc>::const_reference = const std::__cxx11::basic_string<char>&; std::vector<_Tp, _Alloc>::size_type = long unsigned int]
       at(size_type __n) const
[01;32m[K       ^[m[K
[01m[K/usr/include/c++/5/bits/stl_vector.h:840:7:[m[K [01;36m[Knote: [m[K  no known conversion for argument 1 from ‘[01m[K<unresolved overloaded function type>[m[K’ to ‘[01m[Kstd::vector<std::__cxx11::basic_string<char> >::size_type {aka long unsigned int}[m[K’
[01m[K/home/users/fri/matthew_ws/catkin_ws/src/hw5/src/rso.cpp:28:7:[m[K [01;31m[Kerror: [m[Kno post-increment operator for type
  count++;
[01;32m[K       ^[m[K
make[2]: *** [CMakeFiles/hw5_node.dir/src/rso.cpp.o] Error 1
make[1]: *** [CMakeFiles/hw5_node.dir/all] Error 2
make: *** [all] Error 2
